nohup: ignoring input
🔥 VIRAL-PULSE AKTÍV: https://2faddbf9ab64f7.lhr.life
🚀 [AKCIÓ] Célpont: Reddit-Business | Stratégia: Innovation-Leap | Státusz: POSZTOLVA
🚀 [AKCIÓ] Célpont: Reddit-Business | Stratégia: Innovation-Leap | Státusz: POSZTOLVA
🚀 [AKCIÓ] Célpont: SaaS-Forums | Stratégia: Innovation-Leap | Státusz: POSZTOLVA
🚀 [AKCIÓ] Célpont: X-Crypto-Trends | Stratégia: Innovation-Leap | Státusz: POSZTOLVA
🚀 [AKCIÓ] Célpont: SaaS-Forums | Stratégia: Viral-Hook | Státusz: POSZTOLVA
🚀 [AKCIÓ] Célpont: X-Crypto-Trends | Stratégia: Innovation-Leap | Státusz: POSZTOLVA
🚀 [AKCIÓ] Célpont: SaaS-Forums | Stratégia: Problem-Solver | Státusz: POSZTOLVA
🚀 [AKCIÓ] Célpont: SaaS-Forums | Stratégia: Problem-Solver | Státusz: POSZTOLVA
🚀 [AKCIÓ] Célpont: SaaS-Forums | Stratégia: Innovation-Leap | Státusz: POSZTOLVA
🚀 [AKCIÓ] Célpont: SaaS-Forums | Stratégia: Innovation-Leap | Státusz: POSZTOLVA
🚀 [AKCIÓ] Célpont: Reddit-Business | Stratégia: Viral-Hook | Státusz: POSZTOLVA
🚀 [AKCIÓ] Célpont: Tech-News-Comments | Stratégia: Viral-Hook | Státusz: POSZTOLVA
🚀 [AKCIÓ] Célpont: SaaS-Forums | Stratégia: Viral-Hook | Státusz: POSZTOLVA
🚀 [AKCIÓ] Célpont: SaaS-Forums | Stratégia: Viral-Hook | Státusz: POSZTOLVA
🚀 [AKCIÓ] Célpont: Reddit-Business | Stratégia: Problem-Solver | Státusz: POSZTOLVA
🚀 [AKCIÓ] Célpont: Reddit-Business | Stratégia: Urgency-Offer | Státusz: POSZTOLVA
🚀 [AKCIÓ] Célpont: Tech-News-Comments | Stratégia: Viral-Hook | Státusz: POSZTOLVA
🚀 [AKCIÓ] Célpont: Reddit-Business | Stratégia: Urgency-Offer | Státusz: POSZTOLVA
🚀 [AKCIÓ] Célpont: SaaS-Forums | Stratégia: Viral-Hook | Státusz: POSZTOLVA
🚀 [AKCIÓ] Célpont: X-Crypto-Trends | Stratégia: Innovation-Leap | Státusz: POSZTOLVA
🚀 [AKCIÓ] Célpont: X-Crypto-Trends | Stratégia: Problem-Solver | Státusz: POSZTOLVA
🚀 [AKCIÓ] Célpont: X-Crypto-Trends | Stratégia: Problem-Solver | Státusz: POSZTOLVA
🚀 [AKCIÓ] Célpont: Tech-News-Comments | Stratégia: Urgency-Offer | Státusz: POSZTOLVA
🚀 [AKCIÓ] Célpont: Reddit-Business | Stratégia: Innovation-Leap | Státusz: POSZTOLVA
🚀 [AKCIÓ] Célpont: SaaS-Forums | Stratégia: Innovation-Leap | Státusz: POSZTOLVA
🚀 [AKCIÓ] Célpont: Tech-News-Comments | Stratégia: Problem-Solver | Státusz: POSZTOLVA
🚀 [AKCIÓ] Célpont: X-Crypto-Trends | Stratégia: Problem-Solver | Státusz: POSZTOLVA
🚀 [AKCIÓ] Célpont: X-Crypto-Trends | Stratégia: Viral-Hook | Státusz: POSZTOLVA
🚀 [AKCIÓ] Célpont: Reddit-Business | Stratégia: Innovation-Leap | Státusz: POSZTOLVA
🚀 [AKCIÓ] Célpont: Reddit-Business | Stratégia: Problem-Solver | Státusz: POSZTOLVA
🚀 [AKCIÓ] Célpont: Tech-News-Comments | Stratégia: Innovation-Leap | Státusz: POSZTOLVA
🚀 [AKCIÓ] Célpont: Reddit-Business | Stratégia: Problem-Solver | Státusz: POSZTOLVA
🚀 [AKCIÓ] Célpont: SaaS-Forums | Stratégia: Urgency-Offer | Státusz: POSZTOLVA
🚀 [AKCIÓ] Célpont: Reddit-Business | Stratégia: Urgency-Offer | Státusz: POSZTOLVA
🚀 [AKCIÓ] Célpont: X-Crypto-Trends | Stratégia: Innovation-Leap | Státusz: POSZTOLVA
🚀 [AKCIÓ] Célpont: SaaS-Forums | Stratégia: Innovation-Leap | Státusz: POSZTOLVA
🚀 [AKCIÓ] Célpont: X-Crypto-Trends | Stratégia: Urgency-Offer | Státusz: POSZTOLVA
🚀 [AKCIÓ] Célpont: X-Crypto-Trends | Stratégia: Problem-Solver | Státusz: POSZTOLVA
🚀 [AKCIÓ] Célpont: Tech-News-Comments | Stratégia: Viral-Hook | Státusz: POSZTOLVA
🚀 [AKCIÓ] Célpont: Reddit-Business | Stratégia: Innovation-Leap | Státusz: POSZTOLVA
🚀 [AKCIÓ] Célpont: X-Crypto-Trends | Stratégia: Innovation-Leap | Státusz: POSZTOLVA
🚀 [AKCIÓ] Célpont: X-Crypto-Trends | Stratégia: Problem-Solver | Státusz: POSZTOLVA
🚀 [AKCIÓ] Célpont: Reddit-Business | Stratégia: Viral-Hook | Státusz: POSZTOLVA
🚀 [AKCIÓ] Célpont: Tech-News-Comments | Stratégia: Viral-Hook | Státusz: POSZTOLVA
🚀 [AKCIÓ] Célpont: X-Crypto-Trends | Stratégia: Innovation-Leap | Státusz: POSZTOLVA
🚀 [AKCIÓ] Célpont: Tech-News-Comments | Stratégia: Innovation-Leap | Státusz: POSZTOLVA
🚀 [AKCIÓ] Célpont: SaaS-Forums | Stratégia: Viral-Hook | Státusz: POSZTOLVA
🚀 [AKCIÓ] Célpont: Tech-News-Comments | Stratégia: Innovation-Leap | Státusz: POSZTOLVA
🚀 [AKCIÓ] Célpont: Reddit-Business | Stratégia: Viral-Hook | Státusz: POSZTOLVA
🚀 [AKCIÓ] Célpont: Tech-News-Comments | Stratégia: Urgency-Offer | Státusz: POSZTOLVA
🚀 [AKCIÓ] Célpont: Tech-News-Comments | Stratégia: Problem-Solver | Státusz: POSZTOLVA
🚀 [AKCIÓ] Célpont: Tech-News-Comments | Stratégia: Urgency-Offer | Státusz: POSZTOLVA
🚀 [AKCIÓ] Célpont: Tech-News-Comments | Stratégia: Problem-Solver | Státusz: POSZTOLVA
🚀 [AKCIÓ] Célpont: X-Crypto-Trends | Stratégia: Urgency-Offer | Státusz: POSZTOLVA
🚀 [AKCIÓ] Célpont: SaaS-Forums | Stratégia: Viral-Hook | Státusz: POSZTOLVA
🚀 [AKCIÓ] Célpont: Tech-News-Comments | Stratégia: Urgency-Offer | Státusz: POSZTOLVA
🚀 [AKCIÓ] Célpont: X-Crypto-Trends | Stratégia: Problem-Solver | Státusz: POSZTOLVA
🚀 [AKCIÓ] Célpont: Reddit-Business | Stratégia: Urgency-Offer | Státusz: POSZTOLVA
🚀 [AKCIÓ] Célpont: SaaS-Forums | Stratégia: Urgency-Offer | Státusz: POSZTOLVA
🚀 [AKCIÓ] Célpont: Reddit-Business | Stratégia: Urgency-Offer | Státusz: POSZTOLVA
🚀 [AKCIÓ] Célpont: Reddit-Business | Stratégia: Viral-Hook | Státusz: POSZTOLVA
🚀 [AKCIÓ] Célpont: Reddit-Business | Stratégia: Problem-Solver | Státusz: POSZTOLVA
🚀 [AKCIÓ] Célpont: SaaS-Forums | Stratégia: Viral-Hook | Státusz: POSZTOLVA
🚀 [AKCIÓ] Célpont: SaaS-Forums | Stratégia: Urgency-Offer | Státusz: POSZTOLVA
🚀 [AKCIÓ] Célpont: SaaS-Forums | Stratégia: Innovation-Leap | Státusz: POSZTOLVA
🚀 [AKCIÓ] Célpont: SaaS-Forums | Stratégia: Urgency-Offer | Státusz: POSZTOLVA
🚀 [AKCIÓ] Célpont: X-Crypto-Trends | Stratégia: Innovation-Leap | Státusz: POSZTOLVA
🚀 [AKCIÓ] Célpont: Reddit-Business | Stratégia: Urgency-Offer | Státusz: POSZTOLVA
🚀 [AKCIÓ] Célpont: Tech-News-Comments | Stratégia: Viral-Hook | Státusz: POSZTOLVA
🚀 [AKCIÓ] Célpont: X-Crypto-Trends | Stratégia: Urgency-Offer | Státusz: POSZTOLVA
🚀 [AKCIÓ] Célpont: Reddit-Business | Stratégia: Innovation-Leap | Státusz: POSZTOLVA
🚀 [AKCIÓ] Célpont: X-Crypto-Trends | Stratégia: Viral-Hook | Státusz: POSZTOLVA
🚀 [AKCIÓ] Célpont: Reddit-Business | Stratégia: Viral-Hook | Státusz: POSZTOLVA
🚀 [AKCIÓ] Célpont: Tech-News-Comments | Stratégia: Viral-Hook | Státusz: POSZTOLVA
🚀 [AKCIÓ] Célpont: Tech-News-Comments | Stratégia: Problem-Solver | Státusz: POSZTOLVA
🚀 [AKCIÓ] Célpont: X-Crypto-Trends | Stratégia: Innovation-Leap | Státusz: POSZTOLVA
🚀 [AKCIÓ] Célpont: X-Crypto-Trends | Stratégia: Innovation-Leap | Státusz: POSZTOLVA
🚀 [AKCIÓ] Célpont: Tech-News-Comments | Stratégia: Urgency-Offer | Státusz: POSZTOLVA
🚀 [AKCIÓ] Célpont: X-Crypto-Trends | Stratégia: Innovation-Leap | Státusz: POSZTOLVA
🚀 [AKCIÓ] Célpont: Reddit-Business | Stratégia: Problem-Solver | Státusz: POSZTOLVA
🚀 [AKCIÓ] Célpont: Tech-News-Comments | Stratégia: Viral-Hook | Státusz: POSZTOLVA
🚀 [AKCIÓ] Célpont: X-Crypto-Trends | Stratégia: Viral-Hook | Státusz: POSZTOLVA
🚀 [AKCIÓ] Célpont: Reddit-Business | Stratégia: Urgency-Offer | Státusz: POSZTOLVA
🚀 [AKCIÓ] Célpont: SaaS-Forums | Stratégia: Viral-Hook | Státusz: POSZTOLVA
🚀 [AKCIÓ] Célpont: Reddit-Business | Stratégia: Innovation-Leap | Státusz: POSZTOLVA
🚀 [AKCIÓ] Célpont: Tech-News-Comments | Stratégia: Innovation-Leap | Státusz: POSZTOLVA
🚀 [AKCIÓ] Célpont: Reddit-Business | Stratégia: Viral-Hook | Státusz: POSZTOLVA
🚀 [AKCIÓ] Célpont: SaaS-Forums | Stratégia: Innovation-Leap | Státusz: POSZTOLVA
🚀 [AKCIÓ] Célpont: SaaS-Forums | Stratégia: Viral-Hook | Státusz: POSZTOLVA
🚀 [AKCIÓ] Célpont: X-Crypto-Trends | Stratégia: Innovation-Leap | Státusz: POSZTOLVA
🚀 [AKCIÓ] Célpont: SaaS-Forums | Stratégia: Problem-Solver | Státusz: POSZTOLVA
🚀 [AKCIÓ] Célpont: Reddit-Business | Stratégia: Problem-Solver | Státusz: POSZTOLVA
🚀 [AKCIÓ] Célpont: SaaS-Forums | Stratégia: Innovation-Leap | Státusz: POSZTOLVA
🚀 [AKCIÓ] Célpont: Reddit-Business | Stratégia: Urgency-Offer | Státusz: POSZTOLVA
🚀 [AKCIÓ] Célpont: SaaS-Forums | Stratégia: Problem-Solver | Státusz: POSZTOLVA
🚀 [AKCIÓ] Célpont: Tech-News-Comments | Stratégia: Innovation-Leap | Státusz: POSZTOLVA
🚀 [AKCIÓ] Célpont: Reddit-Business | Stratégia: Urgency-Offer | Státusz: POSZTOLVA
🚀 [AKCIÓ] Célpont: Tech-News-Comments | Stratégia: Problem-Solver | Státusz: POSZTOLVA
🚀 [AKCIÓ] Célpont: X-Crypto-Trends | Stratégia: Viral-Hook | Státusz: POSZTOLVA
🚀 [AKCIÓ] Célpont: Tech-News-Comments | Stratégia: Viral-Hook | Státusz: POSZTOLVA
🚀 [AKCIÓ] Célpont: X-Crypto-Trends | Stratégia: Viral-Hook | Státusz: POSZTOLVA
🚀 [AKCIÓ] Célpont: X-Crypto-Trends | Stratégia: Urgency-Offer | Státusz: POSZTOLVA
🚀 [AKCIÓ] Célpont: Tech-News-Comments | Stratégia: Problem-Solver | Státusz: POSZTOLVA
🚀 [AKCIÓ] Célpont: Reddit-Business | Stratégia: Problem-Solver | Státusz: POSZTOLVA
🚀 [AKCIÓ] Célpont: X-Crypto-Trends | Stratégia: Problem-Solver | Státusz: POSZTOLVA
🚀 [AKCIÓ] Célpont: SaaS-Forums | Stratégia: Innovation-Leap | Státusz: POSZTOLVA
🚀 [AKCIÓ] Célpont: Reddit-Business | Stratégia: Urgency-Offer | Státusz: POSZTOLVA
🚀 [AKCIÓ] Célpont: SaaS-Forums | Stratégia: Problem-Solver | Státusz: POSZTOLVA
🚀 [AKCIÓ] Célpont: SaaS-Forums | Stratégia: Problem-Solver | Státusz: POSZTOLVA
🚀 [AKCIÓ] Célpont: Tech-News-Comments | Stratégia: Innovation-Leap | Státusz: POSZTOLVA
🚀 [AKCIÓ] Célpont: Reddit-Business | Stratégia: Problem-Solver | Státusz: POSZTOLVA
🚀 [AKCIÓ] Célpont: X-Crypto-Trends | Stratégia: Innovation-Leap | Státusz: POSZTOLVA
🚀 [AKCIÓ] Célpont: SaaS-Forums | Stratégia: Innovation-Leap | Státusz: POSZTOLVA
🚀 [AKCIÓ] Célpont: X-Crypto-Trends | Stratégia: Urgency-Offer | Státusz: POSZTOLVA
🚀 [AKCIÓ] Célpont: X-Crypto-Trends | Stratégia: Problem-Solver | Státusz: POSZTOLVA
🚀 [AKCIÓ] Célpont: Reddit-Business | Stratégia: Urgency-Offer | Státusz: POSZTOLVA
🚀 [AKCIÓ] Célpont: SaaS-Forums | Stratégia: Urgency-Offer | Státusz: POSZTOLVA
🚀 [AKCIÓ] Célpont: SaaS-Forums | Stratégia: Urgency-Offer | Státusz: POSZTOLVA
🚀 [AKCIÓ] Célpont: Reddit-Business | Stratégia: Problem-Solver | Státusz: POSZTOLVA
🚀 [AKCIÓ] Célpont: Reddit-Business | Stratégia: Innovation-Leap | Státusz: POSZTOLVA
🚀 [AKCIÓ] Célpont: Reddit-Business | Stratégia: Innovation-Leap | Státusz: POSZTOLVA
🚀 [AKCIÓ] Célpont: Reddit-Business | Stratégia: Viral-Hook | Státusz: POSZTOLVA
🚀 [AKCIÓ] Célpont: Reddit-Business | Stratégia: Viral-Hook | Státusz: POSZTOLVA
🚀 [AKCIÓ] Célpont: Tech-News-Comments | Stratégia: Problem-Solver | Státusz: POSZTOLVA
🚀 [AKCIÓ] Célpont: SaaS-Forums | Stratégia: Innovation-Leap | Státusz: POSZTOLVA
🚀 [AKCIÓ] Célpont: Tech-News-Comments | Stratégia: Problem-Solver | Státusz: POSZTOLVA
🚀 [AKCIÓ] Célpont: SaaS-Forums | Stratégia: Urgency-Offer | Státusz: POSZTOLVA
🚀 [AKCIÓ] Célpont: X-Crypto-Trends | Stratégia: Viral-Hook | Státusz: POSZTOLVA
🚀 [AKCIÓ] Célpont: Reddit-Business | Stratégia: Urgency-Offer | Státusz: POSZTOLVA
🚀 [AKCIÓ] Célpont: Reddit-Business | Stratégia: Urgency-Offer | Státusz: POSZTOLVA
🚀 [AKCIÓ] Célpont: Tech-News-Comments | Stratégia: Viral-Hook | Státusz: POSZTOLVA
🚀 [AKCIÓ] Célpont: Tech-News-Comments | Stratégia: Innovation-Leap | Státusz: POSZTOLVA
🚀 [AKCIÓ] Célpont: Tech-News-Comments | Stratégia: Problem-Solver | Státusz: POSZTOLVA
🚀 [AKCIÓ] Célpont: Tech-News-Comments | Stratégia: Viral-Hook | Státusz: POSZTOLVA
🚀 [AKCIÓ] Célpont: Reddit-Business | Stratégia: Urgency-Offer | Státusz: POSZTOLVA
🚀 [AKCIÓ] Célpont: SaaS-Forums | Stratégia: Viral-Hook | Státusz: POSZTOLVA
🚀 [AKCIÓ] Célpont: Tech-News-Comments | Stratégia: Urgency-Offer | Státusz: POSZTOLVA
🚀 [AKCIÓ] Célpont: Reddit-Business | Stratégia: Urgency-Offer | Státusz: POSZTOLVA
🚀 [AKCIÓ] Célpont: Tech-News-Comments | Stratégia: Problem-Solver | Státusz: POSZTOLVA
🚀 [AKCIÓ] Célpont: X-Crypto-Trends | Stratégia: Viral-Hook | Státusz: POSZTOLVA
🚀 [AKCIÓ] Célpont: SaaS-Forums | Stratégia: Urgency-Offer | Státusz: POSZTOLVA
🚀 [AKCIÓ] Célpont: Reddit-Business | Stratégia: Viral-Hook | Státusz: POSZTOLVA
🚀 [AKCIÓ] Célpont: X-Crypto-Trends | Stratégia: Urgency-Offer | Státusz: POSZTOLVA
🚀 [AKCIÓ] Célpont: X-Crypto-Trends | Stratégia: Viral-Hook | Státusz: POSZTOLVA
🚀 [AKCIÓ] Célpont: X-Crypto-Trends | Stratégia: Urgency-Offer | Státusz: POSZTOLVA
🚀 [AKCIÓ] Célpont: Tech-News-Comments | Stratégia: Problem-Solver | Státusz: POSZTOLVA
🚀 [AKCIÓ] Célpont: SaaS-Forums | Stratégia: Innovation-Leap | Státusz: POSZTOLVA
🚀 [AKCIÓ] Célpont: SaaS-Forums | Stratégia: Viral-Hook | Státusz: POSZTOLVA
🚀 [AKCIÓ] Célpont: Reddit-Business | Stratégia: Urgency-Offer | Státusz: POSZTOLVA
🚀 [AKCIÓ] Célpont: Tech-News-Comments | Stratégia: Problem-Solver | Státusz: POSZTOLVA
🚀 [AKCIÓ] Célpont: Tech-News-Comments | Stratégia: Viral-Hook | Státusz: POSZTOLVA
🚀 [AKCIÓ] Célpont: Tech-News-Comments | Stratégia: Innovation-Leap | Státusz: POSZTOLVA
🚀 [AKCIÓ] Célpont: Reddit-Business | Stratégia: Viral-Hook | Státusz: POSZTOLVA
🚀 [AKCIÓ] Célpont: X-Crypto-Trends | Stratégia: Problem-Solver | Státusz: POSZTOLVA
🚀 [AKCIÓ] Célpont: SaaS-Forums | Stratégia: Viral-Hook | Státusz: POSZTOLVA
🚀 [AKCIÓ] Célpont: Tech-News-Comments | Stratégia: Innovation-Leap | Státusz: POSZTOLVA
🚀 [AKCIÓ] Célpont: Tech-News-Comments | Stratégia: Innovation-Leap | Státusz: POSZTOLVA
🚀 [AKCIÓ] Célpont: X-Crypto-Trends | Stratégia: Viral-Hook | Státusz: POSZTOLVA
🚀 [AKCIÓ] Célpont: X-Crypto-Trends | Stratégia: Innovation-Leap | Státusz: POSZTOLVA
🚀 [AKCIÓ] Célpont: X-Crypto-Trends | Stratégia: Innovation-Leap | Státusz: POSZTOLVA
🚀 [AKCIÓ] Célpont: SaaS-Forums | Stratégia: Urgency-Offer | Státusz: POSZTOLVA
🚀 [AKCIÓ] Célpont: Tech-News-Comments | Stratégia: Problem-Solver | Státusz: POSZTOLVA
🚀 [AKCIÓ] Célpont: Tech-News-Comments | Stratégia: Innovation-Leap | Státusz: POSZTOLVA
🚀 [AKCIÓ] Célpont: X-Crypto-Trends | Stratégia: Innovation-Leap | Státusz: POSZTOLVA
🚀 [AKCIÓ] Célpont: Tech-News-Comments | Stratégia: Problem-Solver | Státusz: POSZTOLVA
🚀 [AKCIÓ] Célpont: X-Crypto-Trends | Stratégia: Viral-Hook | Státusz: POSZTOLVA
🚀 [AKCIÓ] Célpont: X-Crypto-Trends | Stratégia: Innovation-Leap | Státusz: POSZTOLVA
🚀 [AKCIÓ] Célpont: SaaS-Forums | Stratégia: Innovation-Leap | Státusz: POSZTOLVA
🚀 [AKCIÓ] Célpont: X-Crypto-Trends | Stratégia: Urgency-Offer | Státusz: POSZTOLVA
🚀 [AKCIÓ] Célpont: Reddit-Business | Stratégia: Innovation-Leap | Státusz: POSZTOLVA
🚀 [AKCIÓ] Célpont: Reddit-Business | Stratégia: Innovation-Leap | Státusz: POSZTOLVA
🚀 [AKCIÓ] Célpont: SaaS-Forums | Stratégia: Viral-Hook | Státusz: POSZTOLVA
🚀 [AKCIÓ] Célpont: SaaS-Forums | Stratégia: Urgency-Offer | Státusz: POSZTOLVA
🚀 [AKCIÓ] Célpont: X-Crypto-Trends | Stratégia: Urgency-Offer | Státusz: POSZTOLVA
🚀 [AKCIÓ] Célpont: Reddit-Business | Stratégia: Urgency-Offer | Státusz: POSZTOLVA
🚀 [AKCIÓ] Célpont: Tech-News-Comments | Stratégia: Problem-Solver | Státusz: POSZTOLVA
🚀 [AKCIÓ] Célpont: Tech-News-Comments | Stratégia: Problem-Solver | Státusz: POSZTOLVA
🚀 [AKCIÓ] Célpont: X-Crypto-Trends | Stratégia: Problem-Solver | Státusz: POSZTOLVA
🚀 [AKCIÓ] Célpont: SaaS-Forums | Stratégia: Innovation-Leap | Státusz: POSZTOLVA
🚀 [AKCIÓ] Célpont: X-Crypto-Trends | Stratégia: Innovation-Leap | Státusz: POSZTOLVA
🚀 [AKCIÓ] Célpont: Tech-News-Comments | Stratégia: Viral-Hook | Státusz: POSZTOLVA
🚀 [AKCIÓ] Célpont: X-Crypto-Trends | Stratégia: Problem-Solver | Státusz: POSZTOLVA