 * Serving Flask app 'titanium_v30_final'
 * Debug mode: off
Address already in use
Port 3001 is in use by another program. Either identify and stop that program, or start the server with a different port.
🔥 VIRAL-PULSE AKTÍV: 2001:4c4e:1183:ee00:2c78:df20:406e:fbc
🚀 [AKCIÓ] Célpont: Tech-News-Comments | Stratégia: Problem-Solver | Státusz: POSZTOLVA
🚀 [AKCIÓ] Célpont: SaaS-Forums | Stratégia: Innovation-Leap | Státusz: POSZTOLVA
🚀 [AKCIÓ] Célpont: Tech-News-Comments | Stratégia: Innovation-Leap | Státusz: POSZTOLVA
🚀 [AKCIÓ] Célpont: SaaS-Forums | Stratégia: Problem-Solver | Státusz: POSZTOLVA
🚀 [AKCIÓ] Célpont: X-Crypto-Trends | Stratégia: Urgency-Offer | Státusz: POSZTOLVA
🚀 [AKCIÓ] Célpont: X-Crypto-Trends | Stratégia: Urgency-Offer | Státusz: POSZTOLVA
🚀 [AKCIÓ] Célpont: X-Crypto-Trends | Stratégia: Innovation-Leap | Státusz: POSZTOLVA
🚀 [AKCIÓ] Célpont: Tech-News-Comments | Stratégia: Problem-Solver | Státusz: POSZTOLVA
🚀 [AKCIÓ] Célpont: Tech-News-Comments | Stratégia: Viral-Hook | Státusz: POSZTOLVA
🚀 [AKCIÓ] Célpont: SaaS-Forums | Stratégia: Innovation-Leap | Státusz: POSZTOLVA
🚀 [AKCIÓ] Célpont: X-Crypto-Trends | Stratégia: Innovation-Leap | Státusz: POSZTOLVA
🚀 [AKCIÓ] Célpont: Tech-News-Comments | Stratégia: Problem-Solver | Státusz: POSZTOLVA
🚀 [AKCIÓ] Célpont: SaaS-Forums | Stratégia: Viral-Hook | Státusz: POSZTOLVA
🚀 [AKCIÓ] Célpont: Tech-News-Comments | Stratégia: Problem-Solver | Státusz: POSZTOLVA
🚀 [AKCIÓ] Célpont: Reddit-Business | Stratégia: Viral-Hook | Státusz: POSZTOLVA
🚀 [AKCIÓ] Célpont: Tech-News-Comments | Stratégia: Urgency-Offer | Státusz: POSZTOLVA
🚀 [AKCIÓ] Célpont: Tech-News-Comments | Stratégia: Urgency-Offer | Státusz: POSZTOLVA
🚀 [AKCIÓ] Célpont: Reddit-Business | Stratégia: Problem-Solver | Státusz: POSZTOLVA
🚀 [AKCIÓ] Célpont: SaaS-Forums | Stratégia: Viral-Hook | Státusz: POSZTOLVA
🚀 [AKCIÓ] Célpont: SaaS-Forums | Stratégia: Problem-Solver | Státusz: POSZTOLVA
🚀 [AKCIÓ] Célpont: X-Crypto-Trends | Stratégia: Urgency-Offer | Státusz: POSZTOLVA
🚀 [AKCIÓ] Célpont: Reddit-Business | Stratégia: Problem-Solver | Státusz: POSZTOLVA
🚀 [AKCIÓ] Célpont: X-Crypto-Trends | Stratégia: Innovation-Leap | Státusz: POSZTOLVA
🚀 [AKCIÓ] Célpont: Tech-News-Comments | Stratégia: Problem-Solver | Státusz: POSZTOLVA
🚀 [AKCIÓ] Célpont: SaaS-Forums | Stratégia: Innovation-Leap | Státusz: POSZTOLVA
🚀 [AKCIÓ] Célpont: Reddit-Business | Stratégia: Urgency-Offer | Státusz: POSZTOLVA
🚀 [AKCIÓ] Célpont: SaaS-Forums | Stratégia: Problem-Solver | Státusz: POSZTOLVA
🚀 [AKCIÓ] Célpont: SaaS-Forums | Stratégia: Urgency-Offer | Státusz: POSZTOLVA
🚀 [AKCIÓ] Célpont: Tech-News-Comments | Stratégia: Innovation-Leap | Státusz: POSZTOLVA
🚀 [AKCIÓ] Célpont: Reddit-Business | Stratégia: Viral-Hook | Státusz: POSZTOLVA
🚀 [AKCIÓ] Célpont: Tech-News-Comments | Stratégia: Problem-Solver | Státusz: POSZTOLVA
🚀 [AKCIÓ] Célpont: SaaS-Forums | Stratégia: Viral-Hook | Státusz: POSZTOLVA
🚀 [AKCIÓ] Célpont: SaaS-Forums | Stratégia: Problem-Solver | Státusz: POSZTOLVA
🚀 [AKCIÓ] Célpont: Reddit-Business | Stratégia: Problem-Solver | Státusz: POSZTOLVA
🚀 [AKCIÓ] Célpont: Tech-News-Comments | Stratégia: Innovation-Leap | Státusz: POSZTOLVA
🚀 [AKCIÓ] Célpont: SaaS-Forums | Stratégia: Innovation-Leap | Státusz: POSZTOLVA
🚀 [AKCIÓ] Célpont: X-Crypto-Trends | Stratégia: Problem-Solver | Státusz: POSZTOLVA
🚀 [AKCIÓ] Célpont: Reddit-Business | Stratégia: Problem-Solver | Státusz: POSZTOLVA
🚀 [AKCIÓ] Célpont: Tech-News-Comments | Stratégia: Problem-Solver | Státusz: POSZTOLVA
🚀 [AKCIÓ] Célpont: X-Crypto-Trends | Stratégia: Problem-Solver | Státusz: POSZTOLVA
🚀 [AKCIÓ] Célpont: Reddit-Business | Stratégia: Urgency-Offer | Státusz: POSZTOLVA
🚀 [AKCIÓ] Célpont: Tech-News-Comments | Stratégia: Innovation-Leap | Státusz: POSZTOLVA
🚀 [AKCIÓ] Célpont: Tech-News-Comments | Stratégia: Viral-Hook | Státusz: POSZTOLVA
🚀 [AKCIÓ] Célpont: SaaS-Forums | Stratégia: Innovation-Leap | Státusz: POSZTOLVA
🚀 [AKCIÓ] Célpont: Tech-News-Comments | Stratégia: Viral-Hook | Státusz: POSZTOLVA
🚀 [AKCIÓ] Célpont: SaaS-Forums | Stratégia: Urgency-Offer | Státusz: POSZTOLVA
🚀 [AKCIÓ] Célpont: SaaS-Forums | Stratégia: Viral-Hook | Státusz: POSZTOLVA
🚀 [AKCIÓ] Célpont: Reddit-Business | Stratégia: Viral-Hook | Státusz: POSZTOLVA
🚀 [AKCIÓ] Célpont: Tech-News-Comments | Stratégia: Innovation-Leap | Státusz: POSZTOLVA
🚀 [AKCIÓ] Célpont: SaaS-Forums | Stratégia: Problem-Solver | Státusz: POSZTOLVA
🚀 [AKCIÓ] Célpont: X-Crypto-Trends | Stratégia: Urgency-Offer | Státusz: POSZTOLVA
🚀 [AKCIÓ] Célpont: Tech-News-Comments | Stratégia: Urgency-Offer | Státusz: POSZTOLVA
🚀 [AKCIÓ] Célpont: Reddit-Business | Stratégia: Innovation-Leap | Státusz: POSZTOLVA
🚀 [AKCIÓ] Célpont: Tech-News-Comments | Stratégia: Urgency-Offer | Státusz: POSZTOLVA
🚀 [AKCIÓ] Célpont: Tech-News-Comments | Stratégia: Problem-Solver | Státusz: POSZTOLVA
🚀 [AKCIÓ] Célpont: Reddit-Business | Stratégia: Urgency-Offer | Státusz: POSZTOLVA
🚀 [AKCIÓ] Célpont: Tech-News-Comments | Stratégia: Innovation-Leap | Státusz: POSZTOLVA
🚀 [AKCIÓ] Célpont: Reddit-Business | Stratégia: Problem-Solver | Státusz: POSZTOLVA
🚀 [AKCIÓ] Célpont: SaaS-Forums | Stratégia: Viral-Hook | Státusz: POSZTOLVA
🚀 [AKCIÓ] Célpont: Tech-News-Comments | Stratégia: Innovation-Leap | Státusz: POSZTOLVA
🚀 [AKCIÓ] Célpont: Reddit-Business | Stratégia: Innovation-Leap | Státusz: POSZTOLVA
🚀 [AKCIÓ] Célpont: SaaS-Forums | Stratégia: Problem-Solver | Státusz: POSZTOLVA
🚀 [AKCIÓ] Célpont: SaaS-Forums | Stratégia: Urgency-Offer | Státusz: POSZTOLVA
🚀 [AKCIÓ] Célpont: Reddit-Business | Stratégia: Viral-Hook | Státusz: POSZTOLVA
🚀 [AKCIÓ] Célpont: Reddit-Business | Stratégia: Urgency-Offer | Státusz: POSZTOLVA
🚀 [AKCIÓ] Célpont: X-Crypto-Trends | Stratégia: Viral-Hook | Státusz: POSZTOLVA
🚀 [AKCIÓ] Célpont: Reddit-Business | Stratégia: Problem-Solver | Státusz: POSZTOLVA
🚀 [AKCIÓ] Célpont: Tech-News-Comments | Stratégia: Urgency-Offer | Státusz: POSZTOLVA
🚀 [AKCIÓ] Célpont: X-Crypto-Trends | Stratégia: Innovation-Leap | Státusz: POSZTOLVA
🚀 [AKCIÓ] Célpont: Tech-News-Comments | Stratégia: Viral-Hook | Státusz: POSZTOLVA
🚀 [AKCIÓ] Célpont: SaaS-Forums | Stratégia: Problem-Solver | Státusz: POSZTOLVA
🚀 [AKCIÓ] Célpont: X-Crypto-Trends | Stratégia: Viral-Hook | Státusz: POSZTOLVA
🚀 [AKCIÓ] Célpont: Reddit-Business | Stratégia: Problem-Solver | Státusz: POSZTOLVA
🚀 [AKCIÓ] Célpont: SaaS-Forums | Stratégia: Problem-Solver | Státusz: POSZTOLVA
🚀 [AKCIÓ] Célpont: X-Crypto-Trends | Stratégia: Viral-Hook | Státusz: POSZTOLVA
🚀 [AKCIÓ] Célpont: Tech-News-Comments | Stratégia: Innovation-Leap | Státusz: POSZTOLVA
🚀 [AKCIÓ] Célpont: X-Crypto-Trends | Stratégia: Innovation-Leap | Státusz: POSZTOLVA
🚀 [AKCIÓ] Célpont: Tech-News-Comments | Stratégia: Problem-Solver | Státusz: POSZTOLVA
🚀 [AKCIÓ] Célpont: X-Crypto-Trends | Stratégia: Innovation-Leap | Státusz: POSZTOLVA
🚀 [AKCIÓ] Célpont: Reddit-Business | Stratégia: Innovation-Leap | Státusz: POSZTOLVA
🚀 [AKCIÓ] Célpont: Tech-News-Comments | Stratégia: Viral-Hook | Státusz: POSZTOLVA
🚀 [AKCIÓ] Célpont: Tech-News-Comments | Stratégia: Urgency-Offer | Státusz: POSZTOLVA
🚀 [AKCIÓ] Célpont: Tech-News-Comments | Stratégia: Problem-Solver | Státusz: POSZTOLVA
🚀 [AKCIÓ] Célpont: SaaS-Forums | Stratégia: Innovation-Leap | Státusz: POSZTOLVA
🚀 [AKCIÓ] Célpont: X-Crypto-Trends | Stratégia: Problem-Solver | Státusz: POSZTOLVA
🚀 [AKCIÓ] Célpont: Reddit-Business | Stratégia: Problem-Solver | Státusz: POSZTOLVA
🚀 [AKCIÓ] Célpont: X-Crypto-Trends | Stratégia: Urgency-Offer | Státusz: POSZTOLVA
🚀 [AKCIÓ] Célpont: X-Crypto-Trends | Stratégia: Innovation-Leap | Státusz: POSZTOLVA
🚀 [AKCIÓ] Célpont: X-Crypto-Trends | Stratégia: Viral-Hook | Státusz: POSZTOLVA
🚀 [AKCIÓ] Célpont: Reddit-Business | Stratégia: Viral-Hook | Státusz: POSZTOLVA
🚀 [AKCIÓ] Célpont: Tech-News-Comments | Stratégia: Innovation-Leap | Státusz: POSZTOLVA