[2026-03-16 00:16:31] Modul státuszok:\n[2026-03-16 00:16:31] ✅ Titanium Főmotor fut, éles integrációval, szimuláció nélkül.\n[2026-03-16 00:16:31] Email: Küldött emailek: 0\n[2026-03-16 00:16:31] Stripe: Bevétel: $0\n[2026-03-16 00:16:31] Social: Posztok száma: 0\n[2026-03-16 00:16:31] Autonomous: Kampányok futtatva: 0\n[2026-03-16 00:16:31] ⚠️ Alert: Nem lett küldve email!\n[2026-03-16 00:16:31] ⚠️ Alert: Nincs bevétel!\n[2026-03-16 00:16:31] ⚠️ Alert: Nincsenek posztok!\n[2026-03-16 00:16:31] ⚠️ Alert: Nincsenek kampányok!\n[2026-03-16 00:16:36] Modul státuszok:\n[2026-03-16 00:16:36] Email: Küldött emailek: 0\n[2026-03-16 00:16:36] Stripe: Bevétel: $0\n[2026-03-16 00:16:36] Social: Posztok száma: 0\n[2026-03-16 00:16:36] Autonomous: Kampányok futtatva: 0\n[2026-03-16 00:16:36] ⚠️ Alert: Nem lett küldve email!\n[2026-03-16 00:16:36] ⚠️ Alert: Nincs bevétel!\n[2026-03-16 00:16:36] ⚠️ Alert: Nincsenek posztok!\n[2026-03-16 00:16:36] ⚠️ Alert: Nincsenek kampányok!\n[2026-03-16 00:16:41] Modul státuszok:\n[2026-03-16 00:16:41] Email: Küldött emailek: 0\n[2026-03-16 00:16:41] Stripe: Bevétel: $0\n[2026-03-16 00:16:41] Social: Posztok száma: 0\n[2026-03-16 00:16:41] Autonomous: Kampányok futtatva: 0\n[2026-03-16 00:16:41] ⚠️ Alert: Nem lett küldve email!\n[2026-03-16 00:16:41] ⚠️ Alert: Nincs bevétel!\n[2026-03-16 00:16:41] ⚠️ Alert: Nincsenek posztok!\n[2026-03-16 00:16:41] ⚠️ Alert: Nincsenek kampányok!\n[2026-03-16 00:16:46] Modul státuszok:\n[2026-03-16 00:16:46] Email: Küldött emailek: 0\n[2026-03-16 00:16:46] Stripe: Bevétel: $0\n[2026-03-16 00:16:46] Social: Posztok száma: 0\n[2026-03-16 00:16:46] Autonomous: Kampányok futtatva: 0\n[2026-03-16 00:16:46] ⚠️ Alert: Nem lett küldve email!\n[2026-03-16 00:16:46] ⚠️ Alert: Nincs bevétel!\n[2026-03-16 00:16:46] ⚠️ Alert: Nincsenek posztok!\n[2026-03-16 00:16:46] ⚠️ Alert: Nincsenek kampányok!\n[2026-03-16 00:16:51] Modul státuszok:\n[2026-03-16 00:16:51] Email: Küldött emailek: 0\n[2026-03-16 00:16:51] Stripe: Bevétel: $0\n[2026-03-16 00:16:51] Social: Posztok száma: 0\n[2026-03-16 00:16:51] Autonomous: Kampányok futtatva: 0\n[2026-03-16 00:16:51] ⚠️ Alert: Nem lett küldve email!\n[2026-03-16 00:16:51] ⚠️ Alert: Nincs bevétel!\n[2026-03-16 00:16:51] ⚠️ Alert: Nincsenek posztok!\n[2026-03-16 00:16:51] ⚠️ Alert: Nincsenek kampányok!\n[2026-03-16 00:16:56] Modul státuszok:\n[2026-03-16 00:16:56] Email: Küldött emailek: 0\n[2026-03-16 00:16:56] Stripe: Bevétel: $0\n[2026-03-16 00:16:56] Social: Posztok száma: 0\n[2026-03-16 00:16:56] Autonomous: Kampányok futtatva: 0\n[2026-03-16 00:16:56] ⚠️ Alert: Nem lett küldve email!\n[2026-03-16 00:16:56] ⚠️ Alert: Nincs bevétel!\n[2026-03-16 00:16:56] ⚠️ Alert: Nincsenek posztok!\n[2026-03-16 00:16:56] ⚠️ Alert: Nincsenek kampányok!\n[2026-03-16 00:17:01] Modul státuszok:\n[2026-03-16 00:17:01] Email: Küldött emailek: 0\n[2026-03-16 00:17:01] Stripe: Bevétel: $0\n[2026-03-16 00:17:01] Social: Posztok száma: 0\n[2026-03-16 00:17:01] Autonomous: Kampányok futtatva: 0\n[2026-03-16 00:17:01] ⚠️ Alert: Nem lett küldve email!\n[2026-03-16 00:17:01] ⚠️ Alert: Nincs bevétel!\n[2026-03-16 00:17:01] ⚠️ Alert: Nincsenek posztok!\n[2026-03-16 00:17:01] ⚠️ Alert: Nincsenek kampányok!\n[2026-03-16 00:17:06] Modul státuszok:\n[2026-03-16 00:17:06] Email: Küldött emailek: 0\n[2026-03-16 00:17:06] Stripe: Bevétel: $0\n[2026-03-16 00:17:06] Social: Posztok száma: 0\n[2026-03-16 00:17:06] Autonomous: Kampányok futtatva: 0\n[2026-03-16 00:17:06] ⚠️ Alert: Nem lett küldve email!\n[2026-03-16 00:17:06] ⚠️ Alert: Nincs bevétel!\n[2026-03-16 00:17:06] ⚠️ Alert: Nincsenek posztok!\n[2026-03-16 00:17:06] ⚠️ Alert: Nincsenek kampányok!\n[2026-03-16 00:17:08] ✅ Titanium Főmotor fut, teljesen PM2-mentesen.
[2026-03-16 00:17:08] Modul státuszok:
[2026-03-16 00:17:08] Email: Küldött emailek: 0
[2026-03-16 00:17:08] Stripe: Bevétel: $0
[2026-03-16 00:17:08] Social: Posztok száma: 0
[2026-03-16 00:17:08] Autonomous: Kampányok futtatva: 0
[2026-03-16 00:17:11] Modul státuszok:\n[2026-03-16 00:17:11] Email: Küldött emailek: 0\n[2026-03-16 00:17:11] Stripe: Bevétel: $0\n[2026-03-16 00:17:11] Social: Posztok száma: 0\n[2026-03-16 00:17:11] Autonomous: Kampányok futtatva: 0\n[2026-03-16 00:17:11] ⚠️ Alert: Nem lett küldve email!\n[2026-03-16 00:17:11] ⚠️ Alert: Nincs bevétel!\n[2026-03-16 00:17:11] ⚠️ Alert: Nincsenek posztok!\n[2026-03-16 00:17:11] ⚠️ Alert: Nincsenek kampányok!\n[2026-03-16 00:17:13] Modul státuszok:
[2026-03-16 00:17:13] Email: Küldött emailek: 0
[2026-03-16 00:17:13] Stripe: Bevétel: $0
[2026-03-16 00:17:13] Social: Posztok száma: 0
[2026-03-16 00:17:13] Autonomous: Kampányok futtatva: 0
[2026-03-16 00:17:16] Modul státuszok:\n[2026-03-16 00:17:16] Email: Küldött emailek: 0\n[2026-03-16 00:17:16] Stripe: Bevétel: $0\n[2026-03-16 00:17:16] Social: Posztok száma: 0\n[2026-03-16 00:17:16] Autonomous: Kampányok futtatva: 0\n[2026-03-16 00:17:16] ⚠️ Alert: Nem lett küldve email!\n[2026-03-16 00:17:16] ⚠️ Alert: Nincs bevétel!\n[2026-03-16 00:17:16] ⚠️ Alert: Nincsenek posztok!\n[2026-03-16 00:17:16] ⚠️ Alert: Nincsenek kampányok!\n[2026-03-16 00:17:18] Modul státuszok:
[2026-03-16 00:17:18] Email: Küldött emailek: 0
[2026-03-16 00:17:18] Stripe: Bevétel: $0
[2026-03-16 00:17:18] Social: Posztok száma: 0
[2026-03-16 00:17:18] Autonomous: Kampányok futtatva: 0
[2026-03-16 00:17:21] Modul státuszok:\n[2026-03-16 00:17:21] Email: Küldött emailek: 0\n[2026-03-16 00:17:21] Stripe: Bevétel: $0\n[2026-03-16 00:17:21] Social: Posztok száma: 0\n[2026-03-16 00:17:21] Autonomous: Kampányok futtatva: 0\n[2026-03-16 00:17:21] ⚠️ Alert: Nem lett küldve email!\n[2026-03-16 00:17:21] ⚠️ Alert: Nincs bevétel!\n[2026-03-16 00:17:21] ⚠️ Alert: Nincsenek posztok!\n[2026-03-16 00:17:21] ⚠️ Alert: Nincsenek kampányok!\n[2026-03-16 00:17:23] Modul státuszok:
[2026-03-16 00:17:23] Email: Küldött emailek: 0
[2026-03-16 00:17:23] Stripe: Bevétel: $0
[2026-03-16 00:17:23] Social: Posztok száma: 0
[2026-03-16 00:17:23] Autonomous: Kampányok futtatva: 0
[2026-03-16 00:17:26] Modul státuszok:\n[2026-03-16 00:17:26] Email: Küldött emailek: 0\n[2026-03-16 00:17:26] Stripe: Bevétel: $0\n[2026-03-16 00:17:26] Social: Posztok száma: 0\n[2026-03-16 00:17:26] Autonomous: Kampányok futtatva: 0\n[2026-03-16 00:17:26] ⚠️ Alert: Nem lett küldve email!\n[2026-03-16 00:17:26] ⚠️ Alert: Nincs bevétel!\n[2026-03-16 00:17:26] ⚠️ Alert: Nincsenek posztok!\n[2026-03-16 00:17:26] ⚠️ Alert: Nincsenek kampányok!\n[2026-03-16 00:17:28] Modul státuszok:
[2026-03-16 00:17:28] Email: Küldött emailek: 0
[2026-03-16 00:17:28] Stripe: Bevétel: $0
[2026-03-16 00:17:28] Social: Posztok száma: 0
[2026-03-16 00:17:28] Autonomous: Kampányok futtatva: 0
[2026-03-16 00:17:31] Modul státuszok:\n[2026-03-16 00:17:31] Email: Küldött emailek: 0\n[2026-03-16 00:17:31] Stripe: Bevétel: $0\n[2026-03-16 00:17:31] Social: Posztok száma: 0\n[2026-03-16 00:17:31] Autonomous: Kampányok futtatva: 0\n[2026-03-16 00:17:31] ⚠️ Alert: Nem lett küldve email!\n[2026-03-16 00:17:31] ⚠️ Alert: Nincs bevétel!\n[2026-03-16 00:17:31] ⚠️ Alert: Nincsenek posztok!\n[2026-03-16 00:17:31] ⚠️ Alert: Nincsenek kampányok!\n[2026-03-16 00:17:33] Modul státuszok:
[2026-03-16 00:17:33] Email: Küldött emailek: 0
[2026-03-16 00:17:33] Stripe: Bevétel: $0
[2026-03-16 00:17:33] Social: Posztok száma: 0
[2026-03-16 00:17:33] Autonomous: Kampányok futtatva: 0
[2026-03-16 00:17:36] Modul státuszok:\n[2026-03-16 00:17:36] Email: Küldött emailek: 0\n[2026-03-16 00:17:36] Stripe: Bevétel: $0\n[2026-03-16 00:17:36] Social: Posztok száma: 0\n[2026-03-16 00:17:36] Autonomous: Kampányok futtatva: 0\n[2026-03-16 00:17:36] ⚠️ Alert: Nem lett küldve email!\n[2026-03-16 00:17:36] ⚠️ Alert: Nincs bevétel!\n[2026-03-16 00:17:36] ⚠️ Alert: Nincsenek posztok!\n[2026-03-16 00:17:36] ⚠️ Alert: Nincsenek kampányok!\n[2026-03-16 00:17:38] Modul státuszok:
[2026-03-16 00:17:38] Email: Küldött emailek: 0
[2026-03-16 00:17:38] Stripe: Bevétel: $0
[2026-03-16 00:17:38] Social: Posztok száma: 0
[2026-03-16 00:17:38] Autonomous: Kampányok futtatva: 0
[2026-03-16 00:17:41] Modul státuszok:\n[2026-03-16 00:17:41] Email: Küldött emailek: 0\n[2026-03-16 00:17:41] Stripe: Bevétel: $0\n[2026-03-16 00:17:41] Social: Posztok száma: 0\n[2026-03-16 00:17:41] Autonomous: Kampányok futtatva: 0\n[2026-03-16 00:17:41] ⚠️ Alert: Nem lett küldve email!\n[2026-03-16 00:17:41] ⚠️ Alert: Nincs bevétel!\n[2026-03-16 00:17:41] ⚠️ Alert: Nincsenek posztok!\n[2026-03-16 00:17:41] ⚠️ Alert: Nincsenek kampányok!\n[2026-03-16 00:17:43] Modul státuszok:
[2026-03-16 00:17:43] Email: Küldött emailek: 0
[2026-03-16 00:17:43] Stripe: Bevétel: $0
[2026-03-16 00:17:43] Social: Posztok száma: 0
[2026-03-16 00:17:43] Autonomous: Kampányok futtatva: 0
[2026-03-16 00:17:46] Modul státuszok:\n[2026-03-16 00:17:46] Email: Küldött emailek: 0\n[2026-03-16 00:17:46] Stripe: Bevétel: $0\n[2026-03-16 00:17:46] Social: Posztok száma: 0\n[2026-03-16 00:17:46] Autonomous: Kampányok futtatva: 0\n[2026-03-16 00:17:46] ⚠️ Alert: Nem lett küldve email!\n[2026-03-16 00:17:46] ⚠️ Alert: Nincs bevétel!\n[2026-03-16 00:17:46] ⚠️ Alert: Nincsenek posztok!\n[2026-03-16 00:17:46] ⚠️ Alert: Nincsenek kampányok!\n[2026-03-16 00:17:48] Modul státuszok:
[2026-03-16 00:17:48] Email: Küldött emailek: 0
[2026-03-16 00:17:48] Stripe: Bevétel: $0
[2026-03-16 00:17:48] Social: Posztok száma: 0
[2026-03-16 00:17:48] Autonomous: Kampányok futtatva: 0
[2026-03-16 00:17:51] Modul státuszok:\n[2026-03-16 00:17:51] Email: Küldött emailek: 0\n[2026-03-16 00:17:51] Stripe: Bevétel: $0\n[2026-03-16 00:17:51] Social: Posztok száma: 0\n[2026-03-16 00:17:51] Autonomous: Kampányok futtatva: 0\n[2026-03-16 00:17:51] ⚠️ Alert: Nem lett küldve email!\n[2026-03-16 00:17:51] ⚠️ Alert: Nincs bevétel!\n[2026-03-16 00:17:51] ⚠️ Alert: Nincsenek posztok!\n[2026-03-16 00:17:51] ⚠️ Alert: Nincsenek kampányok!\n[2026-03-16 00:17:53] Modul státuszok:
[2026-03-16 00:17:53] Email: Küldött emailek: 0
[2026-03-16 00:17:53] Stripe: Bevétel: $0
[2026-03-16 00:17:53] Social: Posztok száma: 0
[2026-03-16 00:17:53] Autonomous: Kampányok futtatva: 0
[2026-03-16 00:17:56] Modul státuszok:\n[2026-03-16 00:17:56] Email: Küldött emailek: 0\n[2026-03-16 00:17:56] Stripe: Bevétel: $0\n[2026-03-16 00:17:56] Social: Posztok száma: 0\n[2026-03-16 00:17:56] Autonomous: Kampányok futtatva: 0\n[2026-03-16 00:17:56] ⚠️ Alert: Nem lett küldve email!\n[2026-03-16 00:17:56] ⚠️ Alert: Nincs bevétel!\n[2026-03-16 00:17:56] ⚠️ Alert: Nincsenek posztok!\n[2026-03-16 00:17:56] ⚠️ Alert: Nincsenek kampányok!\n[2026-03-16 00:17:58] Modul státuszok:
[2026-03-16 00:17:58] Email: Küldött emailek: 0
[2026-03-16 00:17:58] Stripe: Bevétel: $0
[2026-03-16 00:17:58] Social: Posztok száma: 0
[2026-03-16 00:17:58] Autonomous: Kampányok futtatva: 0
[2026-03-16 00:18:01] Modul státuszok:\n[2026-03-16 00:18:01] Email: Küldött emailek: 0\n[2026-03-16 00:18:01] Stripe: Bevétel: $0\n[2026-03-16 00:18:01] Social: Posztok száma: 0\n[2026-03-16 00:18:01] Autonomous: Kampányok futtatva: 0\n[2026-03-16 00:18:01] ⚠️ Alert: Nem lett küldve email!\n[2026-03-16 00:18:01] ⚠️ Alert: Nincs bevétel!\n[2026-03-16 00:18:01] ⚠️ Alert: Nincsenek posztok!\n[2026-03-16 00:18:01] ⚠️ Alert: Nincsenek kampányok!\n[2026-03-16 00:18:03] Modul státuszok:
[2026-03-16 00:18:03] Email: Küldött emailek: 0
[2026-03-16 00:18:03] Stripe: Bevétel: $0
[2026-03-16 00:18:03] Social: Posztok száma: 0
[2026-03-16 00:18:03] Autonomous: Kampányok futtatva: 0
[2026-03-16 00:18:06] Modul státuszok:\n[2026-03-16 00:18:06] Email: Küldött emailek: 0\n[2026-03-16 00:18:06] Stripe: Bevétel: $0\n[2026-03-16 00:18:06] Social: Posztok száma: 0\n[2026-03-16 00:18:06] Autonomous: Kampányok futtatva: 0\n[2026-03-16 00:18:06] ⚠️ Alert: Nem lett küldve email!\n[2026-03-16 00:18:06] ⚠️ Alert: Nincs bevétel!\n[2026-03-16 00:18:06] ⚠️ Alert: Nincsenek posztok!\n[2026-03-16 00:18:06] ⚠️ Alert: Nincsenek kampányok!\n[2026-03-16 00:18:08] Modul státuszok:
[2026-03-16 00:18:08] Email: Küldött emailek: 0
[2026-03-16 00:18:08] Stripe: Bevétel: $0
[2026-03-16 00:18:08] Social: Posztok száma: 0
[2026-03-16 00:18:08] Autonomous: Kampányok futtatva: 0
[2026-03-16 00:18:11] Modul státuszok:\n[2026-03-16 00:18:11] Email: Küldött emailek: 0\n[2026-03-16 00:18:11] Stripe: Bevétel: $0\n[2026-03-16 00:18:11] Social: Posztok száma: 0\n[2026-03-16 00:18:11] Autonomous: Kampányok futtatva: 0\n[2026-03-16 00:18:11] ⚠️ Alert: Nem lett küldve email!\n[2026-03-16 00:18:11] ⚠️ Alert: Nincs bevétel!\n[2026-03-16 00:18:11] ⚠️ Alert: Nincsenek posztok!\n[2026-03-16 00:18:11] ⚠️ Alert: Nincsenek kampányok!\n[2026-03-16 00:18:13] Modul státuszok:
[2026-03-16 00:18:13] Email: Küldött emailek: 0
[2026-03-16 00:18:13] Stripe: Bevétel: $0
[2026-03-16 00:18:13] Social: Posztok száma: 0
[2026-03-16 00:18:13] Autonomous: Kampányok futtatva: 0
[2026-03-16 00:18:16] Modul státuszok:\n[2026-03-16 00:18:16] Email: Küldött emailek: 0\n[2026-03-16 00:18:16] Stripe: Bevétel: $0\n[2026-03-16 00:18:16] Social: Posztok száma: 0\n[2026-03-16 00:18:16] Autonomous: Kampányok futtatva: 0\n[2026-03-16 00:18:16] ⚠️ Alert: Nem lett küldve email!\n[2026-03-16 00:18:16] ⚠️ Alert: Nincs bevétel!\n[2026-03-16 00:18:16] ⚠️ Alert: Nincsenek posztok!\n[2026-03-16 00:18:16] ⚠️ Alert: Nincsenek kampányok!\n[2026-03-16 00:18:18] Modul státuszok:
[2026-03-16 00:18:18] Email: Küldött emailek: 0
[2026-03-16 00:18:18] Stripe: Bevétel: $0
[2026-03-16 00:18:18] Social: Posztok száma: 0
[2026-03-16 00:18:18] Autonomous: Kampányok futtatva: 0
[2026-03-16 00:18:21] Modul státuszok:\n[2026-03-16 00:18:21] Email: Küldött emailek: 0\n[2026-03-16 00:18:21] Stripe: Bevétel: $0\n[2026-03-16 00:18:21] Social: Posztok száma: 0\n[2026-03-16 00:18:21] Autonomous: Kampányok futtatva: 0\n[2026-03-16 00:18:21] ⚠️ Alert: Nem lett küldve email!\n[2026-03-16 00:18:21] ⚠️ Alert: Nincs bevétel!\n[2026-03-16 00:18:21] ⚠️ Alert: Nincsenek posztok!\n[2026-03-16 00:18:21] ⚠️ Alert: Nincsenek kampányok!\n[2026-03-16 00:18:23] Modul státuszok:
[2026-03-16 00:18:23] Email: Küldött emailek: 0
[2026-03-16 00:18:23] Stripe: Bevétel: $0
[2026-03-16 00:18:23] Social: Posztok száma: 0
[2026-03-16 00:18:23] Autonomous: Kampányok futtatva: 0
[2026-03-16 00:18:26] Modul státuszok:\n[2026-03-16 00:18:26] Email: Küldött emailek: 0\n[2026-03-16 00:18:26] Stripe: Bevétel: $0\n[2026-03-16 00:18:26] Social: Posztok száma: 0\n[2026-03-16 00:18:26] Autonomous: Kampányok futtatva: 0\n[2026-03-16 00:18:26] ⚠️ Alert: Nem lett küldve email!\n[2026-03-16 00:18:26] ⚠️ Alert: Nincs bevétel!\n[2026-03-16 00:18:26] ⚠️ Alert: Nincsenek posztok!\n[2026-03-16 00:18:26] ⚠️ Alert: Nincsenek kampányok!\n[2026-03-16 00:18:28] Modul státuszok:
[2026-03-16 00:18:28] Email: Küldött emailek: 0
[2026-03-16 00:18:28] Stripe: Bevétel: $0
[2026-03-16 00:18:28] Social: Posztok száma: 0
[2026-03-16 00:18:28] Autonomous: Kampányok futtatva: 0
[2026-03-16 00:18:31] Modul státuszok:\n[2026-03-16 00:18:31] Email: Küldött emailek: 0\n[2026-03-16 00:18:31] Stripe: Bevétel: $0\n[2026-03-16 00:18:31] Social: Posztok száma: 0\n[2026-03-16 00:18:31] Autonomous: Kampányok futtatva: 0\n[2026-03-16 00:18:31] ⚠️ Alert: Nem lett küldve email!\n[2026-03-16 00:18:31] ⚠️ Alert: Nincs bevétel!\n[2026-03-16 00:18:31] ⚠️ Alert: Nincsenek posztok!\n[2026-03-16 00:18:31] ⚠️ Alert: Nincsenek kampányok!\n[2026-03-16 00:18:33] Modul státuszok:
[2026-03-16 00:18:33] Email: Küldött emailek: 0
[2026-03-16 00:18:33] Stripe: Bevétel: $0
[2026-03-16 00:18:33] Social: Posztok száma: 0
[2026-03-16 00:18:33] Autonomous: Kampányok futtatva: 0
[2026-03-16 00:18:36] Modul státuszok:\n[2026-03-16 00:18:36] Email: Küldött emailek: 0\n[2026-03-16 00:18:36] Stripe: Bevétel: $0\n[2026-03-16 00:18:36] Social: Posztok száma: 0\n[2026-03-16 00:18:36] Autonomous: Kampányok futtatva: 0\n[2026-03-16 00:18:36] ⚠️ Alert: Nem lett küldve email!\n[2026-03-16 00:18:36] ⚠️ Alert: Nincs bevétel!\n[2026-03-16 00:18:36] ⚠️ Alert: Nincsenek posztok!\n[2026-03-16 00:18:36] ⚠️ Alert: Nincsenek kampányok!\n[2026-03-16 00:18:38] Modul státuszok:
[2026-03-16 00:18:38] Email: Küldött emailek: 0
[2026-03-16 00:18:38] Stripe: Bevétel: $0
[2026-03-16 00:18:38] Social: Posztok száma: 0
[2026-03-16 00:18:38] Autonomous: Kampányok futtatva: 0
[2026-03-16 00:18:41] Modul státuszok:\n[2026-03-16 00:18:41] Email: Küldött emailek: 0\n[2026-03-16 00:18:41] Stripe: Bevétel: $0\n[2026-03-16 00:18:41] Social: Posztok száma: 0\n[2026-03-16 00:18:41] Autonomous: Kampányok futtatva: 0\n[2026-03-16 00:18:41] ⚠️ Alert: Nem lett küldve email!\n[2026-03-16 00:18:41] ⚠️ Alert: Nincs bevétel!\n[2026-03-16 00:18:41] ⚠️ Alert: Nincsenek posztok!\n[2026-03-16 00:18:41] ⚠️ Alert: Nincsenek kampányok!\n[2026-03-16 00:18:43] Modul státuszok:
[2026-03-16 00:18:43] Email: Küldött emailek: 0
[2026-03-16 00:18:43] Stripe: Bevétel: $0
[2026-03-16 00:18:43] Social: Posztok száma: 0
[2026-03-16 00:18:43] Autonomous: Kampányok futtatva: 0
[2026-03-16 00:18:46] Modul státuszok:\n[2026-03-16 00:18:46] Email: Küldött emailek: 0\n[2026-03-16 00:18:46] Stripe: Bevétel: $0\n[2026-03-16 00:18:46] Social: Posztok száma: 0\n[2026-03-16 00:18:46] Autonomous: Kampányok futtatva: 0\n[2026-03-16 00:18:46] ⚠️ Alert: Nem lett küldve email!\n[2026-03-16 00:18:46] ⚠️ Alert: Nincs bevétel!\n[2026-03-16 00:18:46] ⚠️ Alert: Nincsenek posztok!\n[2026-03-16 00:18:46] ⚠️ Alert: Nincsenek kampányok!\n[2026-03-16 00:18:48] Modul státuszok:
[2026-03-16 00:18:48] Email: Küldött emailek: 0
[2026-03-16 00:18:48] Stripe: Bevétel: $0
[2026-03-16 00:18:48] Social: Posztok száma: 0
[2026-03-16 00:18:48] Autonomous: Kampányok futtatva: 0
[2026-03-16 00:18:51] Modul státuszok:\n[2026-03-16 00:18:51] Email: Küldött emailek: 0\n[2026-03-16 00:18:51] Stripe: Bevétel: $0\n[2026-03-16 00:18:51] Social: Posztok száma: 0\n[2026-03-16 00:18:51] Autonomous: Kampányok futtatva: 0\n[2026-03-16 00:18:51] ⚠️ Alert: Nem lett küldve email!\n[2026-03-16 00:18:51] ⚠️ Alert: Nincs bevétel!\n[2026-03-16 00:18:51] ⚠️ Alert: Nincsenek posztok!\n[2026-03-16 00:18:51] ⚠️ Alert: Nincsenek kampányok!\n[2026-03-16 00:18:53] Modul státuszok:
[2026-03-16 00:18:53] Email: Küldött emailek: 0
[2026-03-16 00:18:53] Stripe: Bevétel: $0
[2026-03-16 00:18:53] Social: Posztok száma: 0
[2026-03-16 00:18:53] Autonomous: Kampányok futtatva: 0
[2026-03-16 00:18:56] Modul státuszok:\n[2026-03-16 00:18:56] Email: Küldött emailek: 0\n[2026-03-16 00:18:56] Stripe: Bevétel: $0\n[2026-03-16 00:18:56] Social: Posztok száma: 0\n[2026-03-16 00:18:56] Autonomous: Kampányok futtatva: 0\n[2026-03-16 00:18:56] ⚠️ Alert: Nem lett küldve email!\n[2026-03-16 00:18:56] ⚠️ Alert: Nincs bevétel!\n[2026-03-16 00:18:56] ⚠️ Alert: Nincsenek posztok!\n[2026-03-16 00:18:56] ⚠️ Alert: Nincsenek kampányok!\n[2026-03-16 00:18:58] Modul státuszok:
[2026-03-16 00:18:58] Email: Küldött emailek: 0
[2026-03-16 00:18:58] Stripe: Bevétel: $0
[2026-03-16 00:18:58] Social: Posztok száma: 0
[2026-03-16 00:18:58] Autonomous: Kampányok futtatva: 0
[2026-03-16 00:19:01] Modul státuszok:\n[2026-03-16 00:19:01] Email: Küldött emailek: 0\n[2026-03-16 00:19:01] Stripe: Bevétel: $0\n[2026-03-16 00:19:01] Social: Posztok száma: 0\n[2026-03-16 00:19:01] Autonomous: Kampányok futtatva: 0\n[2026-03-16 00:19:01] ⚠️ Alert: Nem lett küldve email!\n[2026-03-16 00:19:01] ⚠️ Alert: Nincs bevétel!\n[2026-03-16 00:19:01] ⚠️ Alert: Nincsenek posztok!\n[2026-03-16 00:19:01] ⚠️ Alert: Nincsenek kampányok!\n[2026-03-16 00:19:03] Modul státuszok:
[2026-03-16 00:19:03] Email: Küldött emailek: 0
[2026-03-16 00:19:03] Stripe: Bevétel: $0
[2026-03-16 00:19:03] Social: Posztok száma: 0
[2026-03-16 00:19:03] Autonomous: Kampányok futtatva: 0
[2026-03-16 00:19:06] Modul státuszok:\n[2026-03-16 00:19:06] Email: Küldött emailek: 0\n[2026-03-16 00:19:06] Stripe: Bevétel: $0\n[2026-03-16 00:19:06] Social: Posztok száma: 0\n[2026-03-16 00:19:06] Autonomous: Kampányok futtatva: 0\n[2026-03-16 00:19:06] ⚠️ Alert: Nem lett küldve email!\n[2026-03-16 00:19:06] ⚠️ Alert: Nincs bevétel!\n[2026-03-16 00:19:06] ⚠️ Alert: Nincsenek posztok!\n[2026-03-16 00:19:06] ⚠️ Alert: Nincsenek kampányok!\n[2026-03-16 00:19:08] Modul státuszok:
[2026-03-16 00:19:08] Email: Küldött emailek: 0
[2026-03-16 00:19:08] Stripe: Bevétel: $0
[2026-03-16 00:19:08] Social: Posztok száma: 0
[2026-03-16 00:19:08] Autonomous: Kampányok futtatva: 0
[2026-03-16 00:19:11] Modul státuszok:\n[2026-03-16 00:19:11] Email: Küldött emailek: 0\n[2026-03-16 00:19:11] Stripe: Bevétel: $0\n[2026-03-16 00:19:11] Social: Posztok száma: 0\n[2026-03-16 00:19:11] Autonomous: Kampányok futtatva: 0\n[2026-03-16 00:19:11] ⚠️ Alert: Nem lett küldve email!\n[2026-03-16 00:19:11] ⚠️ Alert: Nincs bevétel!\n[2026-03-16 00:19:11] ⚠️ Alert: Nincsenek posztok!\n[2026-03-16 00:19:11] ⚠️ Alert: Nincsenek kampányok!\n[2026-03-16 00:19:13] Modul státuszok:
[2026-03-16 00:19:13] Email: Küldött emailek: 0
[2026-03-16 00:19:13] Stripe: Bevétel: $0
[2026-03-16 00:19:13] Social: Posztok száma: 0
[2026-03-16 00:19:13] Autonomous: Kampányok futtatva: 0
[2026-03-16 00:19:16] Modul státuszok:\n[2026-03-16 00:19:16] Email: Küldött emailek: 0\n[2026-03-16 00:19:16] Stripe: Bevétel: $0\n[2026-03-16 00:19:16] Social: Posztok száma: 0\n[2026-03-16 00:19:16] Autonomous: Kampányok futtatva: 0\n[2026-03-16 00:19:16] ⚠️ Alert: Nem lett küldve email!\n[2026-03-16 00:19:16] ⚠️ Alert: Nincs bevétel!\n[2026-03-16 00:19:16] ⚠️ Alert: Nincsenek posztok!\n[2026-03-16 00:19:16] ⚠️ Alert: Nincsenek kampányok!\n[2026-03-16 00:19:18] Modul státuszok:
[2026-03-16 00:19:18] Email: Küldött emailek: 0
[2026-03-16 00:19:18] Stripe: Bevétel: $0
[2026-03-16 00:19:18] Social: Posztok száma: 0
[2026-03-16 00:19:18] Autonomous: Kampányok futtatva: 0
[2026-03-16 00:19:21] Modul státuszok:\n[2026-03-16 00:19:21] Email: Küldött emailek: 0\n[2026-03-16 00:19:21] Stripe: Bevétel: $0\n[2026-03-16 00:19:21] Social: Posztok száma: 0\n[2026-03-16 00:19:21] Autonomous: Kampányok futtatva: 0\n[2026-03-16 00:19:21] ⚠️ Alert: Nem lett küldve email!\n[2026-03-16 00:19:21] ⚠️ Alert: Nincs bevétel!\n[2026-03-16 00:19:21] ⚠️ Alert: Nincsenek posztok!\n[2026-03-16 00:19:21] ⚠️ Alert: Nincsenek kampányok!\n[2026-03-16 00:19:23] Modul státuszok:
[2026-03-16 00:19:23] Email: Küldött emailek: 0
[2026-03-16 00:19:23] Stripe: Bevétel: $0
[2026-03-16 00:19:23] Social: Posztok száma: 0
[2026-03-16 00:19:23] Autonomous: Kampányok futtatva: 0
[2026-03-16 00:19:26] Modul státuszok:\n[2026-03-16 00:19:26] Email: Küldött emailek: 0\n[2026-03-16 00:19:26] Stripe: Bevétel: $0\n[2026-03-16 00:19:26] Social: Posztok száma: 0\n[2026-03-16 00:19:26] Autonomous: Kampányok futtatva: 0\n[2026-03-16 00:19:26] ⚠️ Alert: Nem lett küldve email!\n[2026-03-16 00:19:26] ⚠️ Alert: Nincs bevétel!\n[2026-03-16 00:19:26] ⚠️ Alert: Nincsenek posztok!\n[2026-03-16 00:19:26] ⚠️ Alert: Nincsenek kampányok!\n[2026-03-16 00:19:28] Modul státuszok:
[2026-03-16 00:19:28] Email: Küldött emailek: 0
[2026-03-16 00:19:28] Stripe: Bevétel: $0
[2026-03-16 00:19:28] Social: Posztok száma: 0
[2026-03-16 00:19:28] Autonomous: Kampányok futtatva: 0
[2026-03-16 00:19:31] Modul státuszok:\n[2026-03-16 00:19:31] Email: Küldött emailek: 0\n[2026-03-16 00:19:31] Stripe: Bevétel: $0\n[2026-03-16 00:19:31] Social: Posztok száma: 0\n[2026-03-16 00:19:31] Autonomous: Kampányok futtatva: 0\n[2026-03-16 00:19:31] ⚠️ Alert: Nem lett küldve email!\n[2026-03-16 00:19:31] ⚠️ Alert: Nincs bevétel!\n[2026-03-16 00:19:31] ⚠️ Alert: Nincsenek posztok!\n[2026-03-16 00:19:31] ⚠️ Alert: Nincsenek kampányok!\n[2026-03-16 00:19:33] Modul státuszok:
[2026-03-16 00:19:33] Email: Küldött emailek: 0
[2026-03-16 00:19:33] Stripe: Bevétel: $0
[2026-03-16 00:19:33] Social: Posztok száma: 0
[2026-03-16 00:19:33] Autonomous: Kampányok futtatva: 0
[2026-03-16 00:19:36] Modul státuszok:\n[2026-03-16 00:19:36] Email: Küldött emailek: 0\n[2026-03-16 00:19:36] Stripe: Bevétel: $0\n[2026-03-16 00:19:36] Social: Posztok száma: 0\n[2026-03-16 00:19:36] Autonomous: Kampányok futtatva: 0\n[2026-03-16 00:19:36] ⚠️ Alert: Nem lett küldve email!\n[2026-03-16 00:19:36] ⚠️ Alert: Nincs bevétel!\n[2026-03-16 00:19:36] ⚠️ Alert: Nincsenek posztok!\n[2026-03-16 00:19:36] ⚠️ Alert: Nincsenek kampányok!\n[2026-03-16 00:19:38] Modul státuszok:
[2026-03-16 00:19:38] Email: Küldött emailek: 0
[2026-03-16 00:19:38] Stripe: Bevétel: $0
[2026-03-16 00:19:38] Social: Posztok száma: 0
[2026-03-16 00:19:38] Autonomous: Kampányok futtatva: 0
[2026-03-16 00:19:41] Modul státuszok:\n[2026-03-16 00:19:41] Email: Küldött emailek: 0\n[2026-03-16 00:19:41] Stripe: Bevétel: $0\n[2026-03-16 00:19:41] Social: Posztok száma: 0\n[2026-03-16 00:19:41] Autonomous: Kampányok futtatva: 0\n[2026-03-16 00:19:41] ⚠️ Alert: Nem lett küldve email!\n[2026-03-16 00:19:41] ⚠️ Alert: Nincs bevétel!\n[2026-03-16 00:19:41] ⚠️ Alert: Nincsenek posztok!\n[2026-03-16 00:19:41] ⚠️ Alert: Nincsenek kampányok!\n[2026-03-16 00:19:43] Modul státuszok:
[2026-03-16 00:19:43] Email: Küldött emailek: 0
[2026-03-16 00:19:43] Stripe: Bevétel: $0
[2026-03-16 00:19:43] Social: Posztok száma: 0
[2026-03-16 00:19:43] Autonomous: Kampányok futtatva: 0
[2026-03-16 00:19:46] Modul státuszok:\n[2026-03-16 00:19:46] Email: Küldött emailek: 0\n[2026-03-16 00:19:46] Stripe: Bevétel: $0\n[2026-03-16 00:19:46] Social: Posztok száma: 0\n[2026-03-16 00:19:46] Autonomous: Kampányok futtatva: 0\n[2026-03-16 00:19:46] ⚠️ Alert: Nem lett küldve email!\n[2026-03-16 00:19:46] ⚠️ Alert: Nincs bevétel!\n[2026-03-16 00:19:46] ⚠️ Alert: Nincsenek posztok!\n[2026-03-16 00:19:46] ⚠️ Alert: Nincsenek kampányok!\n[2026-03-16 00:19:48] Modul státuszok:
[2026-03-16 00:19:48] Email: Küldött emailek: 0
[2026-03-16 00:19:48] Stripe: Bevétel: $0
[2026-03-16 00:19:48] Social: Posztok száma: 0
[2026-03-16 00:19:48] Autonomous: Kampányok futtatva: 0
[2026-03-16 00:19:51] Modul státuszok:\n[2026-03-16 00:19:51] Email: Küldött emailek: 0\n[2026-03-16 00:19:51] Stripe: Bevétel: $0\n[2026-03-16 00:19:51] Social: Posztok száma: 0\n[2026-03-16 00:19:51] Autonomous: Kampányok futtatva: 0\n[2026-03-16 00:19:51] ⚠️ Alert: Nem lett küldve email!\n[2026-03-16 00:19:51] ⚠️ Alert: Nincs bevétel!\n[2026-03-16 00:19:51] ⚠️ Alert: Nincsenek posztok!\n[2026-03-16 00:19:51] ⚠️ Alert: Nincsenek kampányok!\n[2026-03-16 00:19:53] Modul státuszok:
[2026-03-16 00:19:53] Email: Küldött emailek: 0
[2026-03-16 00:19:53] Stripe: Bevétel: $0
[2026-03-16 00:19:53] Social: Posztok száma: 0
[2026-03-16 00:19:53] Autonomous: Kampányok futtatva: 0
[2026-03-16 00:19:56] Modul státuszok:\n[2026-03-16 00:19:56] Email: Küldött emailek: 0\n[2026-03-16 00:19:56] Stripe: Bevétel: $0\n[2026-03-16 00:19:56] Social: Posztok száma: 0\n[2026-03-16 00:19:56] Autonomous: Kampányok futtatva: 0\n[2026-03-16 00:19:56] ⚠️ Alert: Nem lett küldve email!\n[2026-03-16 00:19:56] ⚠️ Alert: Nincs bevétel!\n[2026-03-16 00:19:56] ⚠️ Alert: Nincsenek posztok!\n[2026-03-16 00:19:56] ⚠️ Alert: Nincsenek kampányok!\n[2026-03-16 00:19:58] Modul státuszok:
[2026-03-16 00:19:58] Email: Küldött emailek: 0
[2026-03-16 00:19:58] Stripe: Bevétel: $0
[2026-03-16 00:19:58] Social: Posztok száma: 0
[2026-03-16 00:19:58] Autonomous: Kampányok futtatva: 0
[2026-03-16 00:20:01] Modul státuszok:\n[2026-03-16 00:20:01] Email: Küldött emailek: 0\n[2026-03-16 00:20:01] Stripe: Bevétel: $0\n[2026-03-16 00:20:01] Social: Posztok száma: 0\n[2026-03-16 00:20:01] Autonomous: Kampányok futtatva: 0\n[2026-03-16 00:20:01] ⚠️ Alert: Nem lett küldve email!\n[2026-03-16 00:20:01] ⚠️ Alert: Nincs bevétel!\n[2026-03-16 00:20:01] ⚠️ Alert: Nincsenek posztok!\n[2026-03-16 00:20:01] ⚠️ Alert: Nincsenek kampányok!\n[2026-03-16 00:20:03] Modul státuszok:
[2026-03-16 00:20:03] Email: Küldött emailek: 0
[2026-03-16 00:20:03] Stripe: Bevétel: $0
[2026-03-16 00:20:03] Social: Posztok száma: 0
[2026-03-16 00:20:03] Autonomous: Kampányok futtatva: 0
[2026-03-16 00:20:06] Modul státuszok:\n[2026-03-16 00:20:06] Email: Küldött emailek: 0\n[2026-03-16 00:20:06] Stripe: Bevétel: $0\n[2026-03-16 00:20:06] Social: Posztok száma: 0\n[2026-03-16 00:20:06] Autonomous: Kampányok futtatva: 0\n[2026-03-16 00:20:06] ⚠️ Alert: Nem lett küldve email!\n[2026-03-16 00:20:06] ⚠️ Alert: Nincs bevétel!\n[2026-03-16 00:20:06] ⚠️ Alert: Nincsenek posztok!\n[2026-03-16 00:20:06] ⚠️ Alert: Nincsenek kampányok!\n[2026-03-16 00:20:08] Modul státuszok:
[2026-03-16 00:20:08] Email: Küldött emailek: 0
[2026-03-16 00:20:08] Stripe: Bevétel: $0
[2026-03-16 00:20:08] Social: Posztok száma: 0
[2026-03-16 00:20:08] Autonomous: Kampányok futtatva: 0
[2026-03-16 00:20:11] Modul státuszok:\n[2026-03-16 00:20:11] Email: Küldött emailek: 0\n[2026-03-16 00:20:11] Stripe: Bevétel: $0\n[2026-03-16 00:20:11] Social: Posztok száma: 0\n[2026-03-16 00:20:11] Autonomous: Kampányok futtatva: 0\n[2026-03-16 00:20:11] ⚠️ Alert: Nem lett küldve email!\n[2026-03-16 00:20:11] ⚠️ Alert: Nincs bevétel!\n[2026-03-16 00:20:11] ⚠️ Alert: Nincsenek posztok!\n[2026-03-16 00:20:11] ⚠️ Alert: Nincsenek kampányok!\n[2026-03-16 00:20:13] Modul státuszok:
[2026-03-16 00:20:13] Email: Küldött emailek: 0
[2026-03-16 00:20:13] Stripe: Bevétel: $0
[2026-03-16 00:20:13] Social: Posztok száma: 0
[2026-03-16 00:20:13] Autonomous: Kampányok futtatva: 0
[2026-03-16 00:20:16] Modul státuszok:\n[2026-03-16 00:20:16] Email: Küldött emailek: 0\n[2026-03-16 00:20:16] Stripe: Bevétel: $0\n[2026-03-16 00:20:16] Social: Posztok száma: 0\n[2026-03-16 00:20:16] Autonomous: Kampányok futtatva: 0\n[2026-03-16 00:20:16] ⚠️ Alert: Nem lett küldve email!\n[2026-03-16 00:20:16] ⚠️ Alert: Nincs bevétel!\n[2026-03-16 00:20:16] ⚠️ Alert: Nincsenek posztok!\n[2026-03-16 00:20:16] ⚠️ Alert: Nincsenek kampányok!\n[2026-03-16 00:20:18] Modul státuszok:
[2026-03-16 00:20:18] Email: Küldött emailek: 0
[2026-03-16 00:20:18] Stripe: Bevétel: $0
[2026-03-16 00:20:18] Social: Posztok száma: 0
[2026-03-16 00:20:18] Autonomous: Kampányok futtatva: 0
[2026-03-16 00:20:21] Modul státuszok:\n[2026-03-16 00:20:21] Email: Küldött emailek: 0\n[2026-03-16 00:20:21] Stripe: Bevétel: $0\n[2026-03-16 00:20:21] Social: Posztok száma: 0\n[2026-03-16 00:20:21] Autonomous: Kampányok futtatva: 0\n[2026-03-16 00:20:21] ⚠️ Alert: Nem lett küldve email!\n[2026-03-16 00:20:21] ⚠️ Alert: Nincs bevétel!\n[2026-03-16 00:20:21] ⚠️ Alert: Nincsenek posztok!\n[2026-03-16 00:20:21] ⚠️ Alert: Nincsenek kampányok!\n[2026-03-16 00:20:23] Modul státuszok:
[2026-03-16 00:20:23] Email: Küldött emailek: 0
[2026-03-16 00:20:23] Stripe: Bevétel: $0
[2026-03-16 00:20:23] Social: Posztok száma: 0
[2026-03-16 00:20:23] Autonomous: Kampányok futtatva: 0
[2026-03-16 00:20:26] Modul státuszok:\n[2026-03-16 00:20:26] Email: Küldött emailek: 0\n[2026-03-16 00:20:26] Stripe: Bevétel: $0\n[2026-03-16 00:20:26] Social: Posztok száma: 0\n[2026-03-16 00:20:26] Autonomous: Kampányok futtatva: 0\n[2026-03-16 00:20:26] ⚠️ Alert: Nem lett küldve email!\n[2026-03-16 00:20:26] ⚠️ Alert: Nincs bevétel!\n[2026-03-16 00:20:26] ⚠️ Alert: Nincsenek posztok!\n[2026-03-16 00:20:26] ⚠️ Alert: Nincsenek kampányok!\n[2026-03-16 00:20:28] Modul státuszok:
[2026-03-16 00:20:28] Email: Küldött emailek: 0
[2026-03-16 00:20:28] Stripe: Bevétel: $0
[2026-03-16 00:20:28] Social: Posztok száma: 0
[2026-03-16 00:20:28] Autonomous: Kampányok futtatva: 0
[2026-03-16 00:20:31] Modul státuszok:\n[2026-03-16 00:20:31] Email: Küldött emailek: 0\n[2026-03-16 00:20:31] Stripe: Bevétel: $0\n[2026-03-16 00:20:31] Social: Posztok száma: 0\n[2026-03-16 00:20:31] Autonomous: Kampányok futtatva: 0\n[2026-03-16 00:20:31] ⚠️ Alert: Nem lett küldve email!\n[2026-03-16 00:20:31] ⚠️ Alert: Nincs bevétel!\n[2026-03-16 00:20:31] ⚠️ Alert: Nincsenek posztok!\n[2026-03-16 00:20:31] ⚠️ Alert: Nincsenek kampányok!\n[2026-03-16 00:20:33] Modul státuszok:
[2026-03-16 00:20:33] Email: Küldött emailek: 0
[2026-03-16 00:20:33] Stripe: Bevétel: $0
[2026-03-16 00:20:33] Social: Posztok száma: 0
[2026-03-16 00:20:33] Autonomous: Kampányok futtatva: 0
[2026-03-16 00:20:36] Modul státuszok:\n[2026-03-16 00:20:36] Email: Küldött emailek: 0\n[2026-03-16 00:20:36] Stripe: Bevétel: $0\n[2026-03-16 00:20:36] Social: Posztok száma: 0\n[2026-03-16 00:20:36] Autonomous: Kampányok futtatva: 0\n[2026-03-16 00:20:36] ⚠️ Alert: Nem lett küldve email!\n[2026-03-16 00:20:36] ⚠️ Alert: Nincs bevétel!\n[2026-03-16 00:20:36] ⚠️ Alert: Nincsenek posztok!\n[2026-03-16 00:20:36] ⚠️ Alert: Nincsenek kampányok!\n[2026-03-16 00:20:38] Modul státuszok:
[2026-03-16 00:20:38] Email: Küldött emailek: 0
[2026-03-16 00:20:38] Stripe: Bevétel: $0
[2026-03-16 00:20:38] Social: Posztok száma: 0
[2026-03-16 00:20:38] Autonomous: Kampányok futtatva: 0
[2026-03-16 00:20:41] Modul státuszok:\n[2026-03-16 00:20:41] Email: Küldött emailek: 0\n[2026-03-16 00:20:41] Stripe: Bevétel: $0\n[2026-03-16 00:20:41] Social: Posztok száma: 0\n[2026-03-16 00:20:41] Autonomous: Kampányok futtatva: 0\n[2026-03-16 00:20:41] ⚠️ Alert: Nem lett küldve email!\n[2026-03-16 00:20:41] ⚠️ Alert: Nincs bevétel!\n[2026-03-16 00:20:41] ⚠️ Alert: Nincsenek posztok!\n[2026-03-16 00:20:41] ⚠️ Alert: Nincsenek kampányok!\n[2026-03-16 00:20:43] Modul státuszok:
[2026-03-16 00:20:43] Email: Küldött emailek: 0
[2026-03-16 00:20:43] Stripe: Bevétel: $0
[2026-03-16 00:20:43] Social: Posztok száma: 0
[2026-03-16 00:20:43] Autonomous: Kampányok futtatva: 0
[2026-03-16 00:20:46] Modul státuszok:\n[2026-03-16 00:20:46] Email: Küldött emailek: 0\n[2026-03-16 00:20:46] Stripe: Bevétel: $0\n[2026-03-16 00:20:46] Social: Posztok száma: 0\n[2026-03-16 00:20:46] Autonomous: Kampányok futtatva: 0\n[2026-03-16 00:20:46] ⚠️ Alert: Nem lett küldve email!\n[2026-03-16 00:20:46] ⚠️ Alert: Nincs bevétel!\n[2026-03-16 00:20:46] ⚠️ Alert: Nincsenek posztok!\n[2026-03-16 00:20:46] ⚠️ Alert: Nincsenek kampányok!\n[2026-03-16 00:20:48] Modul státuszok:
[2026-03-16 00:20:48] Email: Küldött emailek: 0
[2026-03-16 00:20:48] Stripe: Bevétel: $0
[2026-03-16 00:20:48] Social: Posztok száma: 0
[2026-03-16 00:20:48] Autonomous: Kampányok futtatva: 0
[2026-03-16 00:20:51] Modul státuszok:\n[2026-03-16 00:20:51] Email: Küldött emailek: 0\n[2026-03-16 00:20:51] Stripe: Bevétel: $0\n[2026-03-16 00:20:51] Social: Posztok száma: 0\n[2026-03-16 00:20:51] Autonomous: Kampányok futtatva: 0\n[2026-03-16 00:20:51] ⚠️ Alert: Nem lett küldve email!\n[2026-03-16 00:20:51] ⚠️ Alert: Nincs bevétel!\n[2026-03-16 00:20:51] ⚠️ Alert: Nincsenek posztok!\n[2026-03-16 00:20:51] ⚠️ Alert: Nincsenek kampányok!\n[2026-03-16 00:20:53] Modul státuszok:
[2026-03-16 00:20:53] Email: Küldött emailek: 0
[2026-03-16 00:20:53] Stripe: Bevétel: $0
[2026-03-16 00:20:53] Social: Posztok száma: 0
[2026-03-16 00:20:53] Autonomous: Kampányok futtatva: 0
[2026-03-16 00:20:56] Modul státuszok:\n[2026-03-16 00:20:56] Email: Küldött emailek: 0\n[2026-03-16 00:20:56] Stripe: Bevétel: $0\n[2026-03-16 00:20:56] Social: Posztok száma: 0\n[2026-03-16 00:20:56] Autonomous: Kampányok futtatva: 0\n[2026-03-16 00:20:56] ⚠️ Alert: Nem lett küldve email!\n[2026-03-16 00:20:56] ⚠️ Alert: Nincs bevétel!\n[2026-03-16 00:20:56] ⚠️ Alert: Nincsenek posztok!\n[2026-03-16 00:20:56] ⚠️ Alert: Nincsenek kampányok!\n[2026-03-16 00:20:58] Modul státuszok:
[2026-03-16 00:20:58] Email: Küldött emailek: 0
[2026-03-16 00:20:58] Stripe: Bevétel: $0
[2026-03-16 00:20:58] Social: Posztok száma: 0
[2026-03-16 00:20:58] Autonomous: Kampányok futtatva: 0
[2026-03-16 00:21:01] Modul státuszok:\n[2026-03-16 00:21:01] Email: Küldött emailek: 0\n[2026-03-16 00:21:01] Stripe: Bevétel: $0\n[2026-03-16 00:21:01] Social: Posztok száma: 0\n[2026-03-16 00:21:01] Autonomous: Kampányok futtatva: 0\n[2026-03-16 00:21:01] ⚠️ Alert: Nem lett küldve email!\n[2026-03-16 00:21:01] ⚠️ Alert: Nincs bevétel!\n[2026-03-16 00:21:01] ⚠️ Alert: Nincsenek posztok!\n[2026-03-16 00:21:01] ⚠️ Alert: Nincsenek kampányok!\n[2026-03-16 00:21:03] Modul státuszok:
[2026-03-16 00:21:03] Email: Küldött emailek: 0
[2026-03-16 00:21:03] Stripe: Bevétel: $0
[2026-03-16 00:21:03] Social: Posztok száma: 0
[2026-03-16 00:21:03] Autonomous: Kampányok futtatva: 0
[2026-03-16 00:21:06] Modul státuszok:\n[2026-03-16 00:21:06] Email: Küldött emailek: 0\n[2026-03-16 00:21:06] Stripe: Bevétel: $0\n[2026-03-16 00:21:06] Social: Posztok száma: 0\n[2026-03-16 00:21:06] Autonomous: Kampányok futtatva: 0\n[2026-03-16 00:21:06] ⚠️ Alert: Nem lett küldve email!\n[2026-03-16 00:21:06] ⚠️ Alert: Nincs bevétel!\n[2026-03-16 00:21:06] ⚠️ Alert: Nincsenek posztok!\n[2026-03-16 00:21:06] ⚠️ Alert: Nincsenek kampányok!\n[2026-03-16 00:21:08] Modul státuszok:
[2026-03-16 00:21:08] Email: Küldött emailek: 0
[2026-03-16 00:21:08] Stripe: Bevétel: $0
[2026-03-16 00:21:08] Social: Posztok száma: 0
[2026-03-16 00:21:08] Autonomous: Kampányok futtatva: 0
[2026-03-16 00:21:11] Modul státuszok:\n[2026-03-16 00:21:11] Email: Küldött emailek: 0\n[2026-03-16 00:21:11] Stripe: Bevétel: $0\n[2026-03-16 00:21:11] Social: Posztok száma: 0\n[2026-03-16 00:21:11] Autonomous: Kampányok futtatva: 0\n[2026-03-16 00:21:11] ⚠️ Alert: Nem lett küldve email!\n[2026-03-16 00:21:11] ⚠️ Alert: Nincs bevétel!\n[2026-03-16 00:21:11] ⚠️ Alert: Nincsenek posztok!\n[2026-03-16 00:21:11] ⚠️ Alert: Nincsenek kampányok!\n[2026-03-16 00:21:13] Modul státuszok:
[2026-03-16 00:21:13] Email: Küldött emailek: 0
[2026-03-16 00:21:13] Stripe: Bevétel: $0
[2026-03-16 00:21:13] Social: Posztok száma: 0
[2026-03-16 00:21:13] Autonomous: Kampányok futtatva: 0
[2026-03-16 00:21:16] Modul státuszok:\n[2026-03-16 00:21:16] Email: Küldött emailek: 0\n[2026-03-16 00:21:16] Stripe: Bevétel: $0\n[2026-03-16 00:21:16] Social: Posztok száma: 0\n[2026-03-16 00:21:16] Autonomous: Kampányok futtatva: 0\n[2026-03-16 00:21:16] ⚠️ Alert: Nem lett küldve email!\n[2026-03-16 00:21:16] ⚠️ Alert: Nincs bevétel!\n[2026-03-16 00:21:16] ⚠️ Alert: Nincsenek posztok!\n[2026-03-16 00:21:16] ⚠️ Alert: Nincsenek kampányok!\n[2026-03-16 00:21:18] Modul státuszok:
[2026-03-16 00:21:18] Email: Küldött emailek: 0
[2026-03-16 00:21:18] Stripe: Bevétel: $0
[2026-03-16 00:21:18] Social: Posztok száma: 0
[2026-03-16 00:21:18] Autonomous: Kampányok futtatva: 0
[2026-03-16 00:21:21] Modul státuszok:\n[2026-03-16 00:21:21] Email: Küldött emailek: 0\n[2026-03-16 00:21:21] Stripe: Bevétel: $0\n[2026-03-16 00:21:21] Social: Posztok száma: 0\n[2026-03-16 00:21:21] Autonomous: Kampányok futtatva: 0\n[2026-03-16 00:21:21] ⚠️ Alert: Nem lett küldve email!\n[2026-03-16 00:21:21] ⚠️ Alert: Nincs bevétel!\n[2026-03-16 00:21:21] ⚠️ Alert: Nincsenek posztok!\n[2026-03-16 00:21:21] ⚠️ Alert: Nincsenek kampányok!\n[2026-03-16 00:21:23] Modul státuszok:
[2026-03-16 00:21:23] Email: Küldött emailek: 0
[2026-03-16 00:21:23] Stripe: Bevétel: $0
[2026-03-16 00:21:23] Social: Posztok száma: 0
[2026-03-16 00:21:23] Autonomous: Kampányok futtatva: 0
[2026-03-16 00:21:26] Modul státuszok:\n[2026-03-16 00:21:26] Email: Küldött emailek: 0\n[2026-03-16 00:21:26] Stripe: Bevétel: $0\n[2026-03-16 00:21:26] Social: Posztok száma: 0\n[2026-03-16 00:21:26] Autonomous: Kampányok futtatva: 0\n[2026-03-16 00:21:26] ⚠️ Alert: Nem lett küldve email!\n[2026-03-16 00:21:26] ⚠️ Alert: Nincs bevétel!\n[2026-03-16 00:21:26] ⚠️ Alert: Nincsenek posztok!\n[2026-03-16 00:21:26] ⚠️ Alert: Nincsenek kampányok!\n[2026-03-16 00:21:28] Modul státuszok:
[2026-03-16 00:21:28] Email: Küldött emailek: 0
[2026-03-16 00:21:28] Stripe: Bevétel: $0
[2026-03-16 00:21:28] Social: Posztok száma: 0
[2026-03-16 00:21:28] Autonomous: Kampányok futtatva: 0
[2026-03-16 00:21:31] Modul státuszok:\n[2026-03-16 00:21:31] Email: Küldött emailek: 0\n[2026-03-16 00:21:31] Stripe: Bevétel: $0\n[2026-03-16 00:21:31] Social: Posztok száma: 0\n[2026-03-16 00:21:31] Autonomous: Kampányok futtatva: 0\n[2026-03-16 00:21:31] ⚠️ Alert: Nem lett küldve email!\n[2026-03-16 00:21:31] ⚠️ Alert: Nincs bevétel!\n[2026-03-16 00:21:31] ⚠️ Alert: Nincsenek posztok!\n[2026-03-16 00:21:31] ⚠️ Alert: Nincsenek kampányok!\n[2026-03-16 00:21:33] Modul státuszok:
[2026-03-16 00:21:33] Email: Küldött emailek: 0
[2026-03-16 00:21:33] Stripe: Bevétel: $0
[2026-03-16 00:21:33] Social: Posztok száma: 0
[2026-03-16 00:21:33] Autonomous: Kampányok futtatva: 0
[2026-03-16 00:21:36] Modul státuszok:\n[2026-03-16 00:21:36] Email: Küldött emailek: 0\n[2026-03-16 00:21:36] Stripe: Bevétel: $0\n[2026-03-16 00:21:36] Social: Posztok száma: 0\n[2026-03-16 00:21:36] Autonomous: Kampányok futtatva: 0\n[2026-03-16 00:21:36] ⚠️ Alert: Nem lett küldve email!\n[2026-03-16 00:21:36] ⚠️ Alert: Nincs bevétel!\n[2026-03-16 00:21:36] ⚠️ Alert: Nincsenek posztok!\n[2026-03-16 00:21:36] ⚠️ Alert: Nincsenek kampányok!\n[2026-03-16 00:21:38] Modul státuszok:
[2026-03-16 00:21:38] Email: Küldött emailek: 0
[2026-03-16 00:21:38] Stripe: Bevétel: $0
[2026-03-16 00:21:38] Social: Posztok száma: 0
[2026-03-16 00:21:38] Autonomous: Kampányok futtatva: 0
[2026-03-16 00:21:41] Modul státuszok:\n[2026-03-16 00:21:41] Email: Küldött emailek: 0\n[2026-03-16 00:21:41] Stripe: Bevétel: $0\n[2026-03-16 00:21:41] Social: Posztok száma: 0\n[2026-03-16 00:21:41] Autonomous: Kampányok futtatva: 0\n[2026-03-16 00:21:41] ⚠️ Alert: Nem lett küldve email!\n[2026-03-16 00:21:41] ⚠️ Alert: Nincs bevétel!\n[2026-03-16 00:21:41] ⚠️ Alert: Nincsenek posztok!\n[2026-03-16 00:21:41] ⚠️ Alert: Nincsenek kampányok!\n[2026-03-16 00:21:43] Modul státuszok:
[2026-03-16 00:21:43] Email: Küldött emailek: 0
[2026-03-16 00:21:43] Stripe: Bevétel: $0
[2026-03-16 00:21:43] Social: Posztok száma: 0
[2026-03-16 00:21:43] Autonomous: Kampányok futtatva: 0
[2026-03-16 00:21:46] Modul státuszok:\n[2026-03-16 00:21:46] Email: Küldött emailek: 0\n[2026-03-16 00:21:46] Stripe: Bevétel: $0\n[2026-03-16 00:21:46] Social: Posztok száma: 0\n[2026-03-16 00:21:46] Autonomous: Kampányok futtatva: 0\n[2026-03-16 00:21:46] ⚠️ Alert: Nem lett küldve email!\n[2026-03-16 00:21:46] ⚠️ Alert: Nincs bevétel!\n[2026-03-16 00:21:46] ⚠️ Alert: Nincsenek posztok!\n[2026-03-16 00:21:46] ⚠️ Alert: Nincsenek kampányok!\n[2026-03-16 00:21:48] Modul státuszok:
[2026-03-16 00:21:48] Email: Küldött emailek: 0
[2026-03-16 00:21:48] Stripe: Bevétel: $0
[2026-03-16 00:21:48] Social: Posztok száma: 0
[2026-03-16 00:21:48] Autonomous: Kampányok futtatva: 0
[2026-03-16 00:21:51] Modul státuszok:\n[2026-03-16 00:21:51] Email: Küldött emailek: 0\n[2026-03-16 00:21:51] Stripe: Bevétel: $0\n[2026-03-16 00:21:51] Social: Posztok száma: 0\n[2026-03-16 00:21:51] Autonomous: Kampányok futtatva: 0\n[2026-03-16 00:21:51] ⚠️ Alert: Nem lett küldve email!\n[2026-03-16 00:21:51] ⚠️ Alert: Nincs bevétel!\n[2026-03-16 00:21:51] ⚠️ Alert: Nincsenek posztok!\n[2026-03-16 00:21:51] ⚠️ Alert: Nincsenek kampányok!\n[2026-03-16 00:21:53] Modul státuszok:
[2026-03-16 00:21:53] Email: Küldött emailek: 0
[2026-03-16 00:21:53] Stripe: Bevétel: $0
[2026-03-16 00:21:53] Social: Posztok száma: 0
[2026-03-16 00:21:53] Autonomous: Kampányok futtatva: 0
[2026-03-16 00:21:56] Modul státuszok:\n[2026-03-16 00:21:56] Email: Küldött emailek: 0\n[2026-03-16 00:21:56] Stripe: Bevétel: $0\n[2026-03-16 00:21:56] Social: Posztok száma: 0\n[2026-03-16 00:21:56] Autonomous: Kampányok futtatva: 0\n[2026-03-16 00:21:56] ⚠️ Alert: Nem lett küldve email!\n[2026-03-16 00:21:56] ⚠️ Alert: Nincs bevétel!\n[2026-03-16 00:21:56] ⚠️ Alert: Nincsenek posztok!\n[2026-03-16 00:21:56] ⚠️ Alert: Nincsenek kampányok!\n[2026-03-16 00:21:58] Modul státuszok:
[2026-03-16 00:21:58] Email: Küldött emailek: 0
[2026-03-16 00:21:58] Stripe: Bevétel: $0
[2026-03-16 00:21:58] Social: Posztok száma: 0
[2026-03-16 00:21:58] Autonomous: Kampányok futtatva: 0
[2026-03-16 00:22:01] Modul státuszok:\n[2026-03-16 00:22:01] Email: Küldött emailek: 0\n[2026-03-16 00:22:01] Stripe: Bevétel: $0\n[2026-03-16 00:22:01] Social: Posztok száma: 0\n[2026-03-16 00:22:01] Autonomous: Kampányok futtatva: 0\n[2026-03-16 00:22:01] ⚠️ Alert: Nem lett küldve email!\n[2026-03-16 00:22:01] ⚠️ Alert: Nincs bevétel!\n[2026-03-16 00:22:01] ⚠️ Alert: Nincsenek posztok!\n[2026-03-16 00:22:01] ⚠️ Alert: Nincsenek kampányok!\n[2026-03-16 00:22:03] Modul státuszok:
[2026-03-16 00:22:03] Email: Küldött emailek: 0
[2026-03-16 00:22:03] Stripe: Bevétel: $0
[2026-03-16 00:22:03] Social: Posztok száma: 0
[2026-03-16 00:22:03] Autonomous: Kampányok futtatva: 0
[2026-03-16 00:22:06] Modul státuszok:\n[2026-03-16 00:22:06] Email: Küldött emailek: 0\n[2026-03-16 00:22:06] Stripe: Bevétel: $0\n[2026-03-16 00:22:06] Social: Posztok száma: 0\n[2026-03-16 00:22:06] Autonomous: Kampányok futtatva: 0\n[2026-03-16 00:22:06] ⚠️ Alert: Nem lett küldve email!\n[2026-03-16 00:22:06] ⚠️ Alert: Nincs bevétel!\n[2026-03-16 00:22:06] ⚠️ Alert: Nincsenek posztok!\n[2026-03-16 00:22:06] ⚠️ Alert: Nincsenek kampányok!\n[2026-03-16 00:22:08] Modul státuszok:
[2026-03-16 00:22:08] Email: Küldött emailek: 0
[2026-03-16 00:22:08] Stripe: Bevétel: $0
[2026-03-16 00:22:08] Social: Posztok száma: 0
[2026-03-16 00:22:08] Autonomous: Kampányok futtatva: 0
[2026-03-16 00:22:11] Modul státuszok:\n[2026-03-16 00:22:11] Email: Küldött emailek: 0\n[2026-03-16 00:22:11] Stripe: Bevétel: $0\n[2026-03-16 00:22:11] Social: Posztok száma: 0\n[2026-03-16 00:22:11] Autonomous: Kampányok futtatva: 0\n[2026-03-16 00:22:11] ⚠️ Alert: Nem lett küldve email!\n[2026-03-16 00:22:11] ⚠️ Alert: Nincs bevétel!\n[2026-03-16 00:22:11] ⚠️ Alert: Nincsenek posztok!\n[2026-03-16 00:22:11] ⚠️ Alert: Nincsenek kampányok!\n[2026-03-16 00:22:13] Modul státuszok:
[2026-03-16 00:22:13] Email: Küldött emailek: 0
[2026-03-16 00:22:13] Stripe: Bevétel: $0
[2026-03-16 00:22:13] Social: Posztok száma: 0
[2026-03-16 00:22:13] Autonomous: Kampányok futtatva: 0
[2026-03-16 00:22:16] Modul státuszok:\n[2026-03-16 00:22:16] Email: Küldött emailek: 0\n[2026-03-16 00:22:16] Stripe: Bevétel: $0\n[2026-03-16 00:22:16] Social: Posztok száma: 0\n[2026-03-16 00:22:16] Autonomous: Kampányok futtatva: 0\n[2026-03-16 00:22:16] ⚠️ Alert: Nem lett küldve email!\n[2026-03-16 00:22:16] ⚠️ Alert: Nincs bevétel!\n[2026-03-16 00:22:16] ⚠️ Alert: Nincsenek posztok!\n[2026-03-16 00:22:16] ⚠️ Alert: Nincsenek kampányok!\n[2026-03-16 00:22:18] Modul státuszok:
[2026-03-16 00:22:18] Email: Küldött emailek: 0
[2026-03-16 00:22:18] Stripe: Bevétel: $0
[2026-03-16 00:22:18] Social: Posztok száma: 0
[2026-03-16 00:22:18] Autonomous: Kampányok futtatva: 0
[2026-03-16 00:22:21] Modul státuszok:\n[2026-03-16 00:22:21] Email: Küldött emailek: 0\n[2026-03-16 00:22:21] Stripe: Bevétel: $0\n[2026-03-16 00:22:21] Social: Posztok száma: 0\n[2026-03-16 00:22:21] Autonomous: Kampányok futtatva: 0\n[2026-03-16 00:22:21] ⚠️ Alert: Nem lett küldve email!\n[2026-03-16 00:22:21] ⚠️ Alert: Nincs bevétel!\n[2026-03-16 00:22:21] ⚠️ Alert: Nincsenek posztok!\n[2026-03-16 00:22:21] ⚠️ Alert: Nincsenek kampányok!\n[2026-03-16 00:22:23] Modul státuszok:
[2026-03-16 00:22:23] Email: Küldött emailek: 0
[2026-03-16 00:22:23] Stripe: Bevétel: $0
[2026-03-16 00:22:23] Social: Posztok száma: 0
[2026-03-16 00:22:23] Autonomous: Kampányok futtatva: 0
[2026-03-16 00:22:26] Modul státuszok:\n[2026-03-16 00:22:26] Email: Küldött emailek: 0\n[2026-03-16 00:22:26] Stripe: Bevétel: $0\n[2026-03-16 00:22:26] Social: Posztok száma: 0\n[2026-03-16 00:22:26] Autonomous: Kampányok futtatva: 0\n[2026-03-16 00:22:26] ⚠️ Alert: Nem lett küldve email!\n[2026-03-16 00:22:26] ⚠️ Alert: Nincs bevétel!\n[2026-03-16 00:22:26] ⚠️ Alert: Nincsenek posztok!\n[2026-03-16 00:22:26] ⚠️ Alert: Nincsenek kampányok!\n[2026-03-16 00:22:28] Modul státuszok:
[2026-03-16 00:22:28] Email: Küldött emailek: 0
[2026-03-16 00:22:28] Stripe: Bevétel: $0
[2026-03-16 00:22:28] Social: Posztok száma: 0
[2026-03-16 00:22:28] Autonomous: Kampányok futtatva: 0
[2026-03-16 00:22:31] Modul státuszok:\n[2026-03-16 00:22:31] Email: Küldött emailek: 0\n[2026-03-16 00:22:31] Stripe: Bevétel: $0\n[2026-03-16 00:22:31] Social: Posztok száma: 0\n[2026-03-16 00:22:31] Autonomous: Kampányok futtatva: 0\n[2026-03-16 00:22:31] ⚠️ Alert: Nem lett küldve email!\n[2026-03-16 00:22:31] ⚠️ Alert: Nincs bevétel!\n[2026-03-16 00:22:31] ⚠️ Alert: Nincsenek posztok!\n[2026-03-16 00:22:31] ⚠️ Alert: Nincsenek kampányok!\n[2026-03-16 00:22:33] Modul státuszok:
[2026-03-16 00:22:33] Email: Küldött emailek: 0
[2026-03-16 00:22:33] Stripe: Bevétel: $0
[2026-03-16 00:22:33] Social: Posztok száma: 0
[2026-03-16 00:22:33] Autonomous: Kampányok futtatva: 0
[2026-03-16 00:22:36] Modul státuszok:\n[2026-03-16 00:22:36] Email: Küldött emailek: 0\n[2026-03-16 00:22:36] Stripe: Bevétel: $0\n[2026-03-16 00:22:36] Social: Posztok száma: 0\n[2026-03-16 00:22:36] Autonomous: Kampányok futtatva: 0\n[2026-03-16 00:22:36] ⚠️ Alert: Nem lett küldve email!\n[2026-03-16 00:22:36] ⚠️ Alert: Nincs bevétel!\n[2026-03-16 00:22:36] ⚠️ Alert: Nincsenek posztok!\n[2026-03-16 00:22:36] ⚠️ Alert: Nincsenek kampányok!\n[2026-03-16 00:22:38] Modul státuszok:
[2026-03-16 00:22:38] Email: Küldött emailek: 0
[2026-03-16 00:22:38] Stripe: Bevétel: $0
[2026-03-16 00:22:38] Social: Posztok száma: 0
[2026-03-16 00:22:38] Autonomous: Kampányok futtatva: 0
[2026-03-16 00:22:41] Modul státuszok:\n[2026-03-16 00:22:41] Email: Küldött emailek: 0\n[2026-03-16 00:22:41] Stripe: Bevétel: $0\n[2026-03-16 00:22:41] Social: Posztok száma: 0\n[2026-03-16 00:22:41] Autonomous: Kampányok futtatva: 0\n[2026-03-16 00:22:41] ⚠️ Alert: Nem lett küldve email!\n[2026-03-16 00:22:41] ⚠️ Alert: Nincs bevétel!\n[2026-03-16 00:22:41] ⚠️ Alert: Nincsenek posztok!\n[2026-03-16 00:22:41] ⚠️ Alert: Nincsenek kampányok!\n[2026-03-16 00:22:43] Modul státuszok:
[2026-03-16 00:22:43] Email: Küldött emailek: 0
[2026-03-16 00:22:43] Stripe: Bevétel: $0
[2026-03-16 00:22:43] Social: Posztok száma: 0
[2026-03-16 00:22:43] Autonomous: Kampányok futtatva: 0
[2026-03-16 00:22:46] Modul státuszok:\n[2026-03-16 00:22:46] Email: Küldött emailek: 0\n[2026-03-16 00:22:46] Stripe: Bevétel: $0\n[2026-03-16 00:22:46] Social: Posztok száma: 0\n[2026-03-16 00:22:46] Autonomous: Kampányok futtatva: 0\n[2026-03-16 00:22:46] ⚠️ Alert: Nem lett küldve email!\n[2026-03-16 00:22:46] ⚠️ Alert: Nincs bevétel!\n[2026-03-16 00:22:46] ⚠️ Alert: Nincsenek posztok!\n[2026-03-16 00:22:46] ⚠️ Alert: Nincsenek kampányok!\n[2026-03-16 00:22:48] Modul státuszok:
[2026-03-16 00:22:48] Email: Küldött emailek: 0
[2026-03-16 00:22:48] Stripe: Bevétel: $0
[2026-03-16 00:22:48] Social: Posztok száma: 0
[2026-03-16 00:22:48] Autonomous: Kampányok futtatva: 0
[2026-03-16 00:22:51] Modul státuszok:\n[2026-03-16 00:22:51] Email: Küldött emailek: 0\n[2026-03-16 00:22:51] Stripe: Bevétel: $0\n[2026-03-16 00:22:51] Social: Posztok száma: 0\n[2026-03-16 00:22:51] Autonomous: Kampányok futtatva: 0\n[2026-03-16 00:22:51] ⚠️ Alert: Nem lett küldve email!\n[2026-03-16 00:22:51] ⚠️ Alert: Nincs bevétel!\n[2026-03-16 00:22:51] ⚠️ Alert: Nincsenek posztok!\n[2026-03-16 00:22:51] ⚠️ Alert: Nincsenek kampányok!\n[2026-03-16 00:22:53] Modul státuszok:
