0 verbose cli /data/data/com.termux/files/usr/bin/node /data/data/com.termux/files/usr/bin/npm
1 info using npm@11.11.1
2 info using node@v25.8.1
3 silly config load:file:/data/data/com.termux/files/usr/lib/node_modules/npm/npmrc
4 silly config load:file:/data/data/com.termux/files/home/.npmrc
5 silly config load:file:/data/data/com.termux/files/usr/etc/npmrc
6 verbose title npm install localtunnel
7 verbose argv "install" "--global" "localtunnel"
8 verbose logfile logs-max:10 dir:/data/data/com.termux/files/home/.npm/_logs/2026-03-16T15_57_34_129Z-
9 verbose logfile /data/data/com.termux/files/home/.npm/_logs/2026-03-16T15_57_34_129Z-debug-0.log
10 silly packumentCache heap:1073479680 maxSize:268369920 maxEntrySize:134184960
11 silly logfile start cleaning logs, removing 1 files
12 silly logfile done cleaning log files
13 silly idealTree buildDeps
14 silly fetch manifest localtunnel@*
15 silly packumentCache full:https://registry.npmjs.org/localtunnel cache-miss
16 http cache https://registry.npmjs.org/localtunnel 196ms (cache hit)
17 silly packumentCache full:https://registry.npmjs.org/localtunnel set size:55691 disposed:false
18 silly placeDep ROOT localtunnel@2.0.2 OK for:  want: *
19 silly fetch manifest axios@0.21.4
20 silly packumentCache full:https://registry.npmjs.org/axios cache-miss
21 silly fetch manifest debug@4.3.2
22 silly packumentCache full:https://registry.npmjs.org/debug cache-miss
23 silly fetch manifest openurl@1.1.1
24 silly packumentCache full:https://registry.npmjs.org/openurl cache-miss
25 silly fetch manifest yargs@17.1.1
26 silly packumentCache full:https://registry.npmjs.org/yargs cache-miss
27 http cache https://registry.npmjs.org/openurl 95ms (cache hit)
28 silly packumentCache full:https://registry.npmjs.org/openurl set size:7634 disposed:false
29 http cache https://registry.npmjs.org/debug 114ms (cache hit)
30 silly packumentCache full:https://registry.npmjs.org/debug set size:195840 disposed:false
31 http cache https://registry.npmjs.org/axios 157ms (cache hit)
32 silly packumentCache full:https://registry.npmjs.org/axios set size:770295 disposed:false
33 http cache https://registry.npmjs.org/yargs 220ms (cache hit)
34 silly packumentCache full:https://registry.npmjs.org/yargs set size:743056 disposed:false
35 silly placeDep node_modules/localtunnel axios@0.21.4 OK for: localtunnel@2.0.2 want: 0.21.4
36 silly placeDep node_modules/localtunnel debug@4.3.2 OK for: localtunnel@2.0.2 want: 4.3.2
37 silly placeDep node_modules/localtunnel openurl@1.1.1 OK for: localtunnel@2.0.2 want: 1.1.1
38 silly placeDep node_modules/localtunnel yargs@17.1.1 OK for: localtunnel@2.0.2 want: 17.1.1
39 silly fetch manifest follow-redirects@^1.14.0
40 silly packumentCache full:https://registry.npmjs.org/follow-redirects cache-miss
41 silly fetch manifest ms@2.1.2
42 silly packumentCache full:https://registry.npmjs.org/ms cache-miss
43 silly fetch manifest y18n@^5.0.5
44 silly packumentCache full:https://registry.npmjs.org/y18n cache-miss
45 silly fetch manifest cliui@^7.0.2
46 silly packumentCache full:https://registry.npmjs.org/cliui cache-miss
47 silly fetch manifest escalade@^3.1.1
48 silly packumentCache full:https://registry.npmjs.org/escalade cache-miss
49 silly fetch manifest string-width@^4.2.0
50 silly packumentCache full:https://registry.npmjs.org/string-width cache-miss
51 silly fetch manifest yargs-parser@^20.2.2
52 silly packumentCache full:https://registry.npmjs.org/yargs-parser cache-miss
53 http cache https://registry.npmjs.org/follow-redirects 149ms (cache hit)
54 silly packumentCache full:https://registry.npmjs.org/follow-redirects set size:186700 disposed:false
55 silly fetch manifest get-caller-file@^2.0.5
56 silly packumentCache full:https://registry.npmjs.org/get-caller-file cache-miss
57 http cache https://registry.npmjs.org/y18n 169ms (cache hit)
58 silly packumentCache full:https://registry.npmjs.org/y18n set size:76155 disposed:false
59 silly fetch manifest require-directory@^2.1.1
60 silly packumentCache full:https://registry.npmjs.org/require-directory cache-miss
61 http cache https://registry.npmjs.org/ms 197ms (cache hit)
62 silly packumentCache full:https://registry.npmjs.org/ms set size:92208 disposed:false
63 http cache https://registry.npmjs.org/escalade 198ms (cache hit)
64 silly packumentCache full:https://registry.npmjs.org/escalade set size:33724 disposed:false
65 http cache https://registry.npmjs.org/yargs-parser 201ms (cache hit)
66 silly packumentCache full:https://registry.npmjs.org/yargs-parser set size:238630 disposed:false
67 http cache https://registry.npmjs.org/string-width 245ms (cache hit)
68 silly packumentCache full:https://registry.npmjs.org/string-width set size:68305 disposed:false
69 http cache https://registry.npmjs.org/cliui 276ms (cache hit)
70 silly packumentCache full:https://registry.npmjs.org/cliui set size:69089 disposed:false
71 http cache https://registry.npmjs.org/get-caller-file 195ms (cache hit)
72 silly packumentCache full:https://registry.npmjs.org/get-caller-file set size:26456 disposed:false
73 http cache https://registry.npmjs.org/require-directory 187ms (cache hit)
74 silly packumentCache full:https://registry.npmjs.org/require-directory set size:26866 disposed:false
75 silly placeDep node_modules/localtunnel follow-redirects@1.15.11 OK for: axios@0.21.4 want: ^1.14.0
76 silly placeDep node_modules/localtunnel ms@2.1.2 OK for: debug@4.3.2 want: 2.1.2
77 silly placeDep node_modules/localtunnel cliui@7.0.4 OK for: yargs@17.1.1 want: ^7.0.2
78 silly placeDep node_modules/localtunnel escalade@3.2.0 OK for: yargs@17.1.1 want: ^3.1.1
79 silly placeDep node_modules/localtunnel get-caller-file@2.0.5 OK for: yargs@17.1.1 want: ^2.0.5
80 silly placeDep node_modules/localtunnel require-directory@2.1.1 OK for: yargs@17.1.1 want: ^2.1.1
81 silly placeDep node_modules/localtunnel string-width@4.2.3 OK for: yargs@17.1.1 want: ^4.2.0
82 silly placeDep node_modules/localtunnel y18n@5.0.8 OK for: yargs@17.1.1 want: ^5.0.5
83 silly placeDep node_modules/localtunnel yargs-parser@20.2.9 OK for: yargs@17.1.1 want: ^20.2.2
84 silly fetch manifest wrap-ansi@^7.0.0
85 silly packumentCache full:https://registry.npmjs.org/wrap-ansi cache-miss
86 silly fetch manifest strip-ansi@^6.0.0
87 silly packumentCache full:https://registry.npmjs.org/strip-ansi cache-miss
88 silly fetch manifest strip-ansi@^6.0.1
89 silly packumentCache full:https://registry.npmjs.org/strip-ansi cache-miss
90 silly fetch manifest emoji-regex@^8.0.0
91 silly packumentCache full:https://registry.npmjs.org/emoji-regex cache-miss
92 silly fetch manifest is-fullwidth-code-point@^3.0.0
93 silly packumentCache full:https://registry.npmjs.org/is-fullwidth-code-point cache-miss
94 http cache https://registry.npmjs.org/emoji-regex 77ms (cache hit)
95 silly packumentCache full:https://registry.npmjs.org/emoji-regex set size:89088 disposed:false
96 http cache https://registry.npmjs.org/strip-ansi 100ms (cache hit)
97 silly packumentCache full:https://registry.npmjs.org/strip-ansi set size:44998 disposed:false
98 http cache https://registry.npmjs.org/strip-ansi 118ms (cache hit)
99 silly packumentCache full:https://registry.npmjs.org/strip-ansi set size:44998 disposed:false
100 silly packumentCache full:https://registry.npmjs.org/strip-ansi dispose
101 http cache https://registry.npmjs.org/wrap-ansi 135ms (cache hit)
102 silly packumentCache full:https://registry.npmjs.org/wrap-ansi set size:55299 disposed:false
103 http cache https://registry.npmjs.org/is-fullwidth-code-point 127ms (cache hit)
104 silly packumentCache full:https://registry.npmjs.org/is-fullwidth-code-point set size:14578 disposed:false
105 silly placeDep node_modules/localtunnel strip-ansi@6.0.1 OK for: cliui@7.0.4 want: ^6.0.0
106 silly placeDep node_modules/localtunnel wrap-ansi@7.0.0 OK for: cliui@7.0.4 want: ^7.0.0
107 silly fetch manifest ansi-regex@^5.0.1
108 silly packumentCache full:https://registry.npmjs.org/ansi-regex cache-miss
109 silly fetch manifest ansi-styles@^4.0.0
110 silly packumentCache full:https://registry.npmjs.org/ansi-styles cache-miss
111 http cache https://registry.npmjs.org/ansi-regex 32ms (cache hit)
112 silly packumentCache full:https://registry.npmjs.org/ansi-regex set size:43572 disposed:false
113 http cache https://registry.npmjs.org/ansi-styles 41ms (cache hit)
114 silly packumentCache full:https://registry.npmjs.org/ansi-styles set size:63233 disposed:false
115 silly placeDep node_modules/localtunnel emoji-regex@8.0.0 OK for: string-width@4.2.3 want: ^8.0.0
116 silly placeDep node_modules/localtunnel is-fullwidth-code-point@3.0.0 OK for: string-width@4.2.3 want: ^3.0.0
117 silly placeDep node_modules/localtunnel ansi-regex@5.0.1 OK for: strip-ansi@6.0.1 want: ^5.0.1
118 silly placeDep node_modules/localtunnel ansi-styles@4.3.0 OK for: wrap-ansi@7.0.0 want: ^4.0.0
119 silly fetch manifest color-convert@^2.0.1
120 silly packumentCache full:https://registry.npmjs.org/color-convert cache-miss
121 http cache https://registry.npmjs.org/color-convert 22ms (cache hit)
122 silly packumentCache full:https://registry.npmjs.org/color-convert set size:72663 disposed:false
123 silly placeDep node_modules/localtunnel color-convert@2.0.1 OK for: ansi-styles@4.3.0 want: ^2.0.1
124 silly fetch manifest color-name@~1.1.4
125 silly packumentCache full:https://registry.npmjs.org/color-name cache-miss
126 http cache https://registry.npmjs.org/color-name 19ms (cache hit)
127 silly packumentCache full:https://registry.npmjs.org/color-name set size:19467 disposed:false
128 silly placeDep node_modules/localtunnel color-name@1.1.4 OK for: color-convert@2.0.1 want: ~1.1.4
129 silly reify mark retired [
129 silly reify   '/data/data/com.termux/files/usr/lib/node_modules/localtunnel',
129 silly reify   '/data/data/com.termux/files/usr/bin/lt'
129 silly reify ]
130 silly reify moves {
130 silly reify   '/data/data/com.termux/files/usr/lib/node_modules/localtunnel': '/data/data/com.termux/files/usr/lib/node_modules/.localtunnel-YXeLycx6',
130 silly reify   '/data/data/com.termux/files/usr/bin/lt': '/data/data/com.termux/files/usr/bin/.lt-CIZRqT1e'
130 silly reify }
131 http cache localtunnel@https://registry.npmjs.org/localtunnel/-/localtunnel-2.0.2.tgz 1ms (cache hit)
132 http cache yargs-parser@https://registry.npmjs.org/yargs-parser/-/yargs-parser-20.2.9.tgz 1ms (cache hit)
133 http cache wrap-ansi@https://registry.npmjs.org/wrap-ansi/-/wrap-ansi-7.0.0.tgz 1ms (cache hit)
134 http cache y18n@https://registry.npmjs.org/y18n/-/y18n-5.0.8.tgz 0ms (cache hit)
135 http cache require-directory@https://registry.npmjs.org/require-directory/-/require-directory-2.1.1.tgz 0ms (cache hit)
136 http cache strip-ansi@https://registry.npmjs.org/strip-ansi/-/strip-ansi-6.0.1.tgz 0ms (cache hit)
137 http cache string-width@https://registry.npmjs.org/string-width/-/string-width-4.2.3.tgz 0ms (cache hit)
138 http cache openurl@https://registry.npmjs.org/openurl/-/openurl-1.1.1.tgz 1ms (cache hit)
139 http cache ms@https://registry.npmjs.org/ms/-/ms-2.1.2.tgz 0ms (cache hit)
140 http cache get-caller-file@https://registry.npmjs.org/get-caller-file/-/get-caller-file-2.0.5.tgz 0ms (cache hit)
141 http cache is-fullwidth-code-point@https://registry.npmjs.org/is-fullwidth-code-point/-/is-fullwidth-code-point-3.0.0.tgz 0ms (cache hit)
142 http cache follow-redirects@https://registry.npmjs.org/follow-redirects/-/follow-redirects-1.15.11.tgz 0ms (cache hit)
143 http cache escalade@https://registry.npmjs.org/escalade/-/escalade-3.2.0.tgz 0ms (cache hit)
144 http cache debug@https://registry.npmjs.org/debug/-/debug-4.3.2.tgz 0ms (cache hit)
145 http cache emoji-regex@https://registry.npmjs.org/emoji-regex/-/emoji-regex-8.0.0.tgz 0ms (cache hit)
146 http cache color-convert@https://registry.npmjs.org/color-convert/-/color-convert-2.0.1.tgz 0ms (cache hit)
147 http cache color-name@https://registry.npmjs.org/color-name/-/color-name-1.1.4.tgz 0ms (cache hit)
148 http cache cliui@https://registry.npmjs.org/cliui/-/cliui-7.0.4.tgz 1ms (cache hit)
149 http cache axios@https://registry.npmjs.org/axios/-/axios-0.21.4.tgz 0ms (cache hit)
150 http cache ansi-styles@https://registry.npmjs.org/ansi-styles/-/ansi-styles-4.3.0.tgz 0ms (cache hit)
151 http cache ansi-regex@https://registry.npmjs.org/ansi-regex/-/ansi-regex-5.0.1.tgz 0ms (cache hit)
152 http cache yargs@https://registry.npmjs.org/yargs/-/yargs-17.1.1.tgz 0ms (cache hit)
153 silly CHANGE node_modules/localtunnel
154 silly CHANGE node_modules/localtunnel/node_modules/yargs-parser
155 silly CHANGE node_modules/localtunnel/node_modules/yargs
156 silly CHANGE node_modules/localtunnel/node_modules/y18n
157 silly CHANGE node_modules/localtunnel/node_modules/wrap-ansi
158 silly CHANGE node_modules/localtunnel/node_modules/strip-ansi
159 silly CHANGE node_modules/localtunnel/node_modules/string-width
160 silly CHANGE node_modules/localtunnel/node_modules/require-directory
161 silly CHANGE node_modules/localtunnel/node_modules/openurl
162 silly CHANGE node_modules/localtunnel/node_modules/ms
163 silly CHANGE node_modules/localtunnel/node_modules/is-fullwidth-code-point
164 silly CHANGE node_modules/localtunnel/node_modules/get-caller-file
165 silly CHANGE node_modules/localtunnel/node_modules/escalade
166 silly CHANGE node_modules/localtunnel/node_modules/follow-redirects
167 silly CHANGE node_modules/localtunnel/node_modules/emoji-regex
168 silly CHANGE node_modules/localtunnel/node_modules/debug
169 silly CHANGE node_modules/localtunnel/node_modules/color-name
170 silly CHANGE node_modules/localtunnel/node_modules/color-convert
171 silly CHANGE node_modules/localtunnel/node_modules/cliui
172 silly CHANGE node_modules/localtunnel/node_modules/axios
173 silly CHANGE node_modules/localtunnel/node_modules/ansi-styles
174 silly CHANGE node_modules/localtunnel/node_modules/ansi-regex
175 verbose cwd /data/data/com.termux/files/home
176 verbose os Linux 4.19.132-24202344
177 verbose node v25.8.1
178 verbose npm  v11.11.1
179 verbose exit 0
180 info ok
